<?xml version="1.0" encoding="UTF-8"?>
<robot generator="Robot 3.2.2 (Python 3.9.1 on win32)" generated="20210316 14:07:48.139" rpa="false">
<suite id="s1" name="Testes" source="C:\ProjetoAppium\twp\testes">
<suite id="s1-s1" name="Buttons" source="C:\ProjetoAppium\twp\testes\buttons.robot">
<test id="s1-s1-t1" name="Deve realizar um clique simples">
<kw name="Open Session" library="base" type="setup">
<kw name="Set Appium Timeout" library="AppiumLibrary">
<doc>Sets the timeout in seconds used by various keywords.</doc>
<arguments>
<arg>5</arg>
</arguments>
<status status="PASS" starttime="20210316 14:07:48.882" endtime="20210316 14:07:48.882"></status>
</kw>
<kw name="Open Application" library="AppiumLibrary">
<doc>Opens a new application to given Appium server.
Capabilities of appium server, Android and iOS,
Please check https://github.com/appium/appium/blob/master/docs/en/writing-running-appium/server-args.md
| *Option*            | *Man.* | *Description*     |
| remote_url          | Yes    | Appium server url |
| alias               | no     | alias             |</doc>
<arguments>
<arg>http://localhost:4723/wd/hub</arg>
<arg>automationName=UiAutomator2</arg>
<arg>platformName=Android</arg>
<arg>deviceName=Android Emulator</arg>
<arg>app=${EXECDIR}/app/twp.apk</arg>
</arguments>
<status status="PASS" starttime="20210316 14:07:48.882" endtime="20210316 14:08:08.727"></status>
</kw>
<kw name="Get Started" library="helpers">
<kw name="Wait Until Page Contains" library="AppiumLibrary">
<doc>Waits until `text` appears on current page.</doc>
<arguments>
<arg>${START}</arg>
</arguments>
<status status="PASS" starttime="20210316 14:08:08.727" endtime="20210316 14:08:12.966"></status>
</kw>
<kw name="Click Text" library="AppiumLibrary">
<doc>Click text identified by ``text``.</doc>
<arguments>
<arg>${START}</arg>
</arguments>
<status status="PASS" starttime="20210316 14:08:12.966" endtime="20210316 14:08:13.291"></status>
</kw>
<status status="PASS" starttime="20210316 14:08:08.727" endtime="20210316 14:08:13.291"></status>
</kw>
<status status="PASS" starttime="20210316 14:07:48.882" endtime="20210316 14:08:13.292"></status>
</kw>
<kw name="Go To Short Click" library="helpers">
<kw name="Open Nav" library="helpers">
<kw name="Wait Until Element Is Visible" library="AppiumLibrary">
<doc>Waits until element specified with `locator` is visible.</doc>
<arguments>
<arg>${HAMBURGER}</arg>
</arguments>
<status status="PASS" starttime="20210316 14:08:13.293" endtime="20210316 14:08:14.615"></status>
</kw>
<kw name="Click Element" library="AppiumLibrary">
<doc>Click element identified by `locator`.</doc>
<arguments>
<arg>${HAMBURGER}</arg>
</arguments>
<msg timestamp="20210316 14:08:14.618" level="INFO">Clicking element 'xpath= //android.widget.ImageButton[@content-desc="Open navigation drawer"]'.</msg>
<status status="PASS" starttime="20210316 14:08:14.616" endtime="20210316 14:08:14.799"></status>
</kw>
<kw name="Wait Until Element Is Visible" library="AppiumLibrary">
<doc>Waits until element specified with `locator` is visible.</doc>
<arguments>
<arg>${NAV_VIEW}</arg>
</arguments>
<status status="PASS" starttime="20210316 14:08:14.800" endtime="20210316 14:08:15.834"></status>
</kw>
<status status="PASS" starttime="20210316 14:08:13.293" endtime="20210316 14:08:15.834"></status>
</kw>
<kw name="Click Text" library="AppiumLibrary">
<doc>Click text identified by ``text``.</doc>
<arguments>
<arg>BOTÕES</arg>
</arguments>
<kw name="Capture Page Screenshot" library="AppiumLibrary">
<doc>Takes a screenshot of the current page and embeds it into the log.</doc>
<msg timestamp="20210316 14:08:17.303" level="INFO" html="yes">&lt;/td&gt;&lt;/tr&gt;&lt;tr&gt;&lt;td colspan="3"&gt;&lt;a href="appium-screenshot-1.png"&gt;&lt;img src="appium-screenshot-1.png" width="800px"&gt;&lt;/a&gt;</msg>
<status status="PASS" starttime="20210316 14:08:16.006" endtime="20210316 14:08:17.303"></status>
</kw>
<msg timestamp="20210316 14:08:17.321" level="FAIL">ValueError: Element locator '//*[contains(@text,"BOTÕES")]' did not match any elements.</msg>
<status status="FAIL" starttime="20210316 14:08:15.835" endtime="20210316 14:08:17.321"></status>
</kw>
<status status="FAIL" starttime="20210316 14:08:13.292" endtime="20210316 14:08:17.321"></status>
</kw>
<kw name="Close Session" library="base" type="teardown">
<kw name="Capture Page Screenshot" library="AppiumLibrary">
<doc>Takes a screenshot of the current page and embeds it into the log.</doc>
<msg timestamp="20210316 14:08:18.660" level="INFO" html="yes">&lt;/td&gt;&lt;/tr&gt;&lt;tr&gt;&lt;td colspan="3"&gt;&lt;a href="appium-screenshot-2.png"&gt;&lt;img src="appium-screenshot-2.png" width="800px"&gt;&lt;/a&gt;</msg>
<status status="PASS" starttime="20210316 14:08:17.322" endtime="20210316 14:08:18.660"></status>
</kw>
<kw name="Close Application" library="AppiumLibrary">
<doc>Closes the current application and also close webdriver session.</doc>
<status status="PASS" starttime="20210316 14:08:18.660" endtime="20210316 14:08:19.571"></status>
</kw>
<status status="PASS" starttime="20210316 14:08:17.322" endtime="20210316 14:08:19.571"></status>
</kw>
<tags>
<tag>short</tag>
</tags>
<status status="FAIL" starttime="20210316 14:07:48.881" endtime="20210316 14:08:19.571" critical="yes">ValueError: Element locator '//*[contains(@text,"BOTÕES")]' did not match any elements.</status>
</test>
<test id="s1-s1-t2" name="Deve realizar um clique looooongoooo">
<kw name="Open Session" library="base" type="setup">
<kw name="Set Appium Timeout" library="AppiumLibrary">
<doc>Sets the timeout in seconds used by various keywords.</doc>
<arguments>
<arg>5</arg>
</arguments>
<status status="PASS" starttime="20210316 14:08:19.573" endtime="20210316 14:08:19.573"></status>
</kw>
<kw name="Open Application" library="AppiumLibrary">
<doc>Opens a new application to given Appium server.
Capabilities of appium server, Android and iOS,
Please check https://github.com/appium/appium/blob/master/docs/en/writing-running-appium/server-args.md
| *Option*            | *Man.* | *Description*     |
| remote_url          | Yes    | Appium server url |
| alias               | no     | alias             |</doc>
<arguments>
<arg>http://localhost:4723/wd/hub</arg>
<arg>automationName=UiAutomator2</arg>
<arg>platformName=Android</arg>
<arg>deviceName=Android Emulator</arg>
<arg>app=${EXECDIR}/app/twp.apk</arg>
</arguments>
<status status="PASS" starttime="20210316 14:08:19.574" endtime="20210316 14:08:38.610"></status>
</kw>
<kw name="Get Started" library="helpers">
<kw name="Wait Until Page Contains" library="AppiumLibrary">
<doc>Waits until `text` appears on current page.</doc>
<arguments>
<arg>${START}</arg>
</arguments>
<status status="PASS" starttime="20210316 14:08:38.611" endtime="20210316 14:08:42.899"></status>
</kw>
<kw name="Click Text" library="AppiumLibrary">
<doc>Click text identified by ``text``.</doc>
<arguments>
<arg>${START}</arg>
</arguments>
<status status="PASS" starttime="20210316 14:08:42.899" endtime="20210316 14:08:43.139"></status>
</kw>
<status status="PASS" starttime="20210316 14:08:38.610" endtime="20210316 14:08:43.139"></status>
</kw>
<status status="PASS" starttime="20210316 14:08:19.573" endtime="20210316 14:08:43.140"></status>
</kw>
<kw name="Go To Long Click" library="helpers">
<kw name="Open Nav" library="helpers">
<kw name="Wait Until Element Is Visible" library="AppiumLibrary">
<doc>Waits until element specified with `locator` is visible.</doc>
<arguments>
<arg>${HAMBURGER}</arg>
</arguments>
<status status="PASS" starttime="20210316 14:08:43.142" endtime="20210316 14:08:44.415"></status>
</kw>
<kw name="Click Element" library="AppiumLibrary">
<doc>Click element identified by `locator`.</doc>
<arguments>
<arg>${HAMBURGER}</arg>
</arguments>
<msg timestamp="20210316 14:08:44.416" level="INFO">Clicking element 'xpath= //android.widget.ImageButton[@content-desc="Open navigation drawer"]'.</msg>
<status status="PASS" starttime="20210316 14:08:44.415" endtime="20210316 14:08:44.555"></status>
</kw>
<kw name="Wait Until Element Is Visible" library="AppiumLibrary">
<doc>Waits until element specified with `locator` is visible.</doc>
<arguments>
<arg>${NAV_VIEW}</arg>
</arguments>
<status status="PASS" starttime="20210316 14:08:44.555" endtime="20210316 14:08:45.689"></status>
</kw>
<status status="PASS" starttime="20210316 14:08:43.141" endtime="20210316 14:08:45.689"></status>
</kw>
<kw name="Click Text" library="AppiumLibrary">
<doc>Click text identified by ``text``.</doc>
<arguments>
<arg>BOTÕES</arg>
</arguments>
<kw name="Capture Page Screenshot" library="AppiumLibrary">
<doc>Takes a screenshot of the current page and embeds it into the log.</doc>
<msg timestamp="20210316 14:08:47.222" level="INFO" html="yes">&lt;/td&gt;&lt;/tr&gt;&lt;tr&gt;&lt;td colspan="3"&gt;&lt;a href="appium-screenshot-3.png"&gt;&lt;img src="appium-screenshot-3.png" width="800px"&gt;&lt;/a&gt;</msg>
<status status="PASS" starttime="20210316 14:08:45.852" endtime="20210316 14:08:47.222"></status>
</kw>
<msg timestamp="20210316 14:08:47.222" level="FAIL">ValueError: Element locator '//*[contains(@text,"BOTÕES")]' did not match any elements.</msg>
<status status="FAIL" starttime="20210316 14:08:45.689" endtime="20210316 14:08:47.222"></status>
</kw>
<status status="FAIL" starttime="20210316 14:08:43.141" endtime="20210316 14:08:47.223"></status>
</kw>
<kw name="Close Session" library="base" type="teardown">
<kw name="Capture Page Screenshot" library="AppiumLibrary">
<doc>Takes a screenshot of the current page and embeds it into the log.</doc>
<msg timestamp="20210316 14:08:48.409" level="INFO" html="yes">&lt;/td&gt;&lt;/tr&gt;&lt;tr&gt;&lt;td colspan="3"&gt;&lt;a href="appium-screenshot-4.png"&gt;&lt;img src="appium-screenshot-4.png" width="800px"&gt;&lt;/a&gt;</msg>
<status status="PASS" starttime="20210316 14:08:47.224" endtime="20210316 14:08:48.410"></status>
</kw>
<kw name="Close Application" library="AppiumLibrary">
<doc>Closes the current application and also close webdriver session.</doc>
<status status="PASS" starttime="20210316 14:08:48.410" endtime="20210316 14:08:49.414"></status>
</kw>
<status status="PASS" starttime="20210316 14:08:47.224" endtime="20210316 14:08:49.414"></status>
</kw>
<tags>
<tag>long</tag>
</tags>
<status status="FAIL" starttime="20210316 14:08:19.572" endtime="20210316 14:08:49.415" critical="yes">ValueError: Element locator '//*[contains(@text,"BOTÕES")]' did not match any elements.</status>
</test>
<status status="FAIL" starttime="20210316 14:07:48.181" endtime="20210316 14:08:49.416"></status>
</suite>
<suite id="s1-s2" name="Checkbox" source="C:\ProjetoAppium\twp\testes\checkbox.robot">
<test id="s1-s2-t1" name="Deve marcar a opção Robot Framework">
<kw name="Open Session" library="base" type="setup">
<kw name="Set Appium Timeout" library="AppiumLibrary">
<doc>Sets the timeout in seconds used by various keywords.</doc>
<arguments>
<arg>5</arg>
</arguments>
<status status="PASS" starttime="20210316 14:08:49.434" endtime="20210316 14:08:49.434"></status>
</kw>
<kw name="Open Application" library="AppiumLibrary">
<doc>Opens a new application to given Appium server.
Capabilities of appium server, Android and iOS,
Please check https://github.com/appium/appium/blob/master/docs/en/writing-running-appium/server-args.md
| *Option*            | *Man.* | *Description*     |
| remote_url          | Yes    | Appium server url |
| alias               | no     | alias             |</doc>
<arguments>
<arg>http://localhost:4723/wd/hub</arg>
<arg>automationName=UiAutomator2</arg>
<arg>platformName=Android</arg>
<arg>deviceName=Android Emulator</arg>
<arg>app=${EXECDIR}/app/twp.apk</arg>
</arguments>
<status status="PASS" starttime="20210316 14:08:49.434" endtime="20210316 14:09:07.947"></status>
</kw>
<kw name="Get Started" library="helpers">
<kw name="Wait Until Page Contains" library="AppiumLibrary">
<doc>Waits until `text` appears on current page.</doc>
<arguments>
<arg>${START}</arg>
</arguments>
<status status="PASS" starttime="20210316 14:09:07.948" endtime="20210316 14:09:12.001"></status>
</kw>
<kw name="Click Text" library="AppiumLibrary">
<doc>Click text identified by ``text``.</doc>
<arguments>
<arg>${START}</arg>
</arguments>
<status status="PASS" starttime="20210316 14:09:12.001" endtime="20210316 14:09:12.260"></status>
</kw>
<status status="PASS" starttime="20210316 14:09:07.947" endtime="20210316 14:09:12.260"></status>
</kw>
<status status="PASS" starttime="20210316 14:08:49.433" endtime="20210316 14:09:12.260"></status>
</kw>
<kw name="Go To CheckBox" library="helpers">
<kw name="Open Nav" library="helpers">
<kw name="Wait Until Element Is Visible" library="AppiumLibrary">
<doc>Waits until element specified with `locator` is visible.</doc>
<arguments>
<arg>${HAMBURGER}</arg>
</arguments>
<status status="PASS" starttime="20210316 14:09:12.262" endtime="20210316 14:09:13.599"></status>
</kw>
<kw name="Click Element" library="AppiumLibrary">
<doc>Click element identified by `locator`.</doc>
<arguments>
<arg>${HAMBURGER}</arg>
</arguments>
<msg timestamp="20210316 14:09:13.601" level="INFO">Clicking element 'xpath= //android.widget.ImageButton[@content-desc="Open navigation drawer"]'.</msg>
<status status="PASS" starttime="20210316 14:09:13.599" endtime="20210316 14:09:13.739"></status>
</kw>
<kw name="Wait Until Element Is Visible" library="AppiumLibrary">
<doc>Waits until element specified with `locator` is visible.</doc>
<arguments>
<arg>${NAV_VIEW}</arg>
</arguments>
<status status="PASS" starttime="20210316 14:09:13.739" endtime="20210316 14:09:14.797"></status>
</kw>
<status status="PASS" starttime="20210316 14:09:12.261" endtime="20210316 14:09:14.798"></status>
</kw>
<kw name="Click Text" library="AppiumLibrary">
<doc>Click text identified by ``text``.</doc>
<arguments>
<arg>INPUTS</arg>
</arguments>
<status status="PASS" starttime="20210316 14:09:14.798" endtime="20210316 14:09:14.993"></status>
</kw>
<kw name="Wait Until Page Contains" library="AppiumLibrary">
<doc>Waits until `text` appears on current page.</doc>
<arguments>
<arg>INPUTS</arg>
</arguments>
<status status="PASS" starttime="20210316 14:09:14.993" endtime="20210316 14:09:15.649"></status>
</kw>
<kw name="Click Text" library="AppiumLibrary">
<doc>Click text identified by ``text``.</doc>
<arguments>
<arg>CHECKBOX</arg>
</arguments>
<status status="PASS" starttime="20210316 14:09:15.649" endtime="20210316 14:09:16.089"></status>
</kw>
<kw name="Wait Until Page Contains" library="AppiumLibrary">
<doc>Waits until `text` appears on current page.</doc>
<arguments>
<arg>Marque as techs que usam Appium</arg>
</arguments>
<status status="PASS" starttime="20210316 14:09:16.090" endtime="20210316 14:09:17.329"></status>
</kw>
<status status="PASS" starttime="20210316 14:09:12.261" endtime="20210316 14:09:17.330"></status>
</kw>
<kw name="Set Variable" library="BuiltIn">
<doc>Returns the given values which can then be assigned to a variables.</doc>
<arguments>
<arg>xpath=//android.widget.CheckBox[contains(@text,'Robot Framework')]</arg>
</arguments>
<assign>
<var>${element}</var>
</assign>
<msg timestamp="20210316 14:09:17.330" level="INFO">${element} = xpath=//android.widget.CheckBox[contains(@text,'Robot Framework')]</msg>
<status status="PASS" starttime="20210316 14:09:17.330" endtime="20210316 14:09:17.330"></status>
</kw>
<kw name="Click Element" library="AppiumLibrary">
<doc>Click element identified by `locator`.</doc>
<arguments>
<arg>${element}</arg>
</arguments>
<msg timestamp="20210316 14:09:17.332" level="INFO">Clicking element 'xpath=//android.widget.CheckBox[contains(@text,'Robot Framework')]'.</msg>
<status status="PASS" starttime="20210316 14:09:17.331" endtime="20210316 14:09:17.472"></status>
</kw>
<kw name="Wait Until Element Is Visible" library="AppiumLibrary">
<doc>Waits until element specified with `locator` is visible.</doc>
<arguments>
<arg>id=io.qaninja.android.twp:id/rvContainer</arg>
</arguments>
<status status="PASS" starttime="20210316 14:09:17.473" endtime="20210316 14:09:18.521"></status>
</kw>
<kw name="Element Attribute Should Match" library="AppiumLibrary">
<doc>Verify that an attribute of an element matches the expected criteria.</doc>
<arguments>
<arg>${element}</arg>
<arg>checked</arg>
<arg>true</arg>
</arguments>
<msg timestamp="20210316 14:09:18.704" level="INFO">Element 'xpath=//android.widget.CheckBox[contains(@text,'Robot Framework')]' attribute 'checked' is 'true' </msg>
<status status="PASS" starttime="20210316 14:09:18.522" endtime="20210316 14:09:18.704"></status>
</kw>
<kw name="Close Session" library="base" type="teardown">
<kw name="Capture Page Screenshot" library="AppiumLibrary">
<doc>Takes a screenshot of the current page and embeds it into the log.</doc>
<msg timestamp="20210316 14:09:19.517" level="INFO" html="yes">&lt;/td&gt;&lt;/tr&gt;&lt;tr&gt;&lt;td colspan="3"&gt;&lt;a href="appium-screenshot-5.png"&gt;&lt;img src="appium-screenshot-5.png" width="800px"&gt;&lt;/a&gt;</msg>
<status status="PASS" starttime="20210316 14:09:18.705" endtime="20210316 14:09:19.517"></status>
</kw>
<kw name="Close Application" library="AppiumLibrary">
<doc>Closes the current application and also close webdriver session.</doc>
<status status="PASS" starttime="20210316 14:09:19.518" endtime="20210316 14:09:20.500"></status>
</kw>
<status status="PASS" starttime="20210316 14:09:18.705" endtime="20210316 14:09:20.500"></status>
</kw>
<status status="PASS" starttime="20210316 14:08:49.432" endtime="20210316 14:09:20.501" critical="yes"></status>
</test>
<status status="PASS" starttime="20210316 14:08:49.419" endtime="20210316 14:09:20.503"></status>
</suite>
<suite id="s1-s3" name="Drag-And-Drop" source="C:\ProjetoAppium\twp\testes\drag-and-drop.robot">
<test id="s1-s3-t1" name="Deve mover o Hulk para o topo da lista">
<kw name="Open Session" library="base" type="setup">
<kw name="Set Appium Timeout" library="AppiumLibrary">
<doc>Sets the timeout in seconds used by various keywords.</doc>
<arguments>
<arg>5</arg>
</arguments>
<status status="PASS" starttime="20210316 14:09:20.519" endtime="20210316 14:09:20.519"></status>
</kw>
<kw name="Open Application" library="AppiumLibrary">
<doc>Opens a new application to given Appium server.
Capabilities of appium server, Android and iOS,
Please check https://github.com/appium/appium/blob/master/docs/en/writing-running-appium/server-args.md
| *Option*            | *Man.* | *Description*     |
| remote_url          | Yes    | Appium server url |
| alias               | no     | alias             |</doc>
<arguments>
<arg>http://localhost:4723/wd/hub</arg>
<arg>automationName=UiAutomator2</arg>
<arg>platformName=Android</arg>
<arg>deviceName=Android Emulator</arg>
<arg>app=${EXECDIR}/app/twp.apk</arg>
</arguments>
<status status="PASS" starttime="20210316 14:09:20.519" endtime="20210316 14:09:39.755"></status>
</kw>
<kw name="Get Started" library="helpers">
<kw name="Wait Until Page Contains" library="AppiumLibrary">
<doc>Waits until `text` appears on current page.</doc>
<arguments>
<arg>${START}</arg>
</arguments>
<status status="PASS" starttime="20210316 14:09:39.755" endtime="20210316 14:09:43.511"></status>
</kw>
<kw name="Click Text" library="AppiumLibrary">
<doc>Click text identified by ``text``.</doc>
<arguments>
<arg>${START}</arg>
</arguments>
<status status="PASS" starttime="20210316 14:09:43.512" endtime="20210316 14:09:43.798"></status>
</kw>
<status status="PASS" starttime="20210316 14:09:39.755" endtime="20210316 14:09:43.799"></status>
</kw>
<status status="PASS" starttime="20210316 14:09:20.518" endtime="20210316 14:09:43.799"></status>
</kw>
<kw name="Go To Avenger List" library="helpers">
<kw name="Open Nav" library="helpers">
<kw name="Wait Until Element Is Visible" library="AppiumLibrary">
<doc>Waits until element specified with `locator` is visible.</doc>
<arguments>
<arg>${HAMBURGER}</arg>
</arguments>
<status status="PASS" starttime="20210316 14:09:43.801" endtime="20210316 14:09:45.059"></status>
</kw>
<kw name="Click Element" library="AppiumLibrary">
<doc>Click element identified by `locator`.</doc>
<arguments>
<arg>${HAMBURGER}</arg>
</arguments>
<msg timestamp="20210316 14:09:45.061" level="INFO">Clicking element 'xpath= //android.widget.ImageButton[@content-desc="Open navigation drawer"]'.</msg>
<status status="PASS" starttime="20210316 14:09:45.060" endtime="20210316 14:09:45.191"></status>
</kw>
<kw name="Wait Until Element Is Visible" library="AppiumLibrary">
<doc>Waits until element specified with `locator` is visible.</doc>
<arguments>
<arg>${NAV_VIEW}</arg>
</arguments>
<status status="PASS" starttime="20210316 14:09:45.191" endtime="20210316 14:09:46.265"></status>
</kw>
<status status="PASS" starttime="20210316 14:09:43.800" endtime="20210316 14:09:46.266"></status>
</kw>
<kw name="Click Text" library="AppiumLibrary">
<doc>Click text identified by ``text``.</doc>
<arguments>
<arg>AVENGERS</arg>
</arguments>
<status status="PASS" starttime="20210316 14:09:46.266" endtime="20210316 14:09:46.459"></status>
</kw>
<kw name="Wait Until Page Contains" library="AppiumLibrary">
<doc>Waits until `text` appears on current page.</doc>
<arguments>
<arg>AVENGERS</arg>
</arguments>
<status status="PASS" starttime="20210316 14:09:46.459" endtime="20210316 14:09:47.162"></status>
</kw>
<kw name="Click Text" library="AppiumLibrary">
<doc>Click text identified by ``text``.</doc>
<arguments>
<arg>LISTA</arg>
</arguments>
<status status="PASS" starttime="20210316 14:09:47.162" endtime="20210316 14:09:47.536"></status>
</kw>
<kw name="Wait Until Page Contains" library="AppiumLibrary">
<doc>Waits until `text` appears on current page.</doc>
<arguments>
<arg>LISTA</arg>
</arguments>
<status status="PASS" starttime="20210316 14:09:47.536" endtime="20210316 14:09:47.754"></status>
</kw>
<status status="PASS" starttime="20210316 14:09:43.800" endtime="20210316 14:09:47.754"></status>
</kw>
<kw name="Drag And Drop" library="extend">
<arguments>
<arg>io.qaninja.android.twp:id/drag_handle</arg>
<arg>3</arg>
<arg>0</arg>
</arguments>
<status status="PASS" starttime="20210316 14:09:47.755" endtime="20210316 14:10:01.771"></status>
</kw>
<kw name="Close Session" library="base" type="teardown">
<kw name="Capture Page Screenshot" library="AppiumLibrary">
<doc>Takes a screenshot of the current page and embeds it into the log.</doc>
<msg timestamp="20210316 14:10:02.887" level="INFO" html="yes">&lt;/td&gt;&lt;/tr&gt;&lt;tr&gt;&lt;td colspan="3"&gt;&lt;a href="appium-screenshot-6.png"&gt;&lt;img src="appium-screenshot-6.png" width="800px"&gt;&lt;/a&gt;</msg>
<status status="PASS" starttime="20210316 14:10:01.772" endtime="20210316 14:10:02.888"></status>
</kw>
<kw name="Close Application" library="AppiumLibrary">
<doc>Closes the current application and also close webdriver session.</doc>
<status status="PASS" starttime="20210316 14:10:02.888" endtime="20210316 14:10:03.802"></status>
</kw>
<status status="PASS" starttime="20210316 14:10:01.772" endtime="20210316 14:10:03.802"></status>
</kw>
<status status="PASS" starttime="20210316 14:09:20.517" endtime="20210316 14:10:03.803" critical="yes"></status>
</test>
<status status="PASS" starttime="20210316 14:09:20.507" endtime="20210316 14:10:03.804"></status>
</suite>
<suite id="s1-s4" name="Home" source="C:\ProjetoAppium\twp\testes\home.robot">
<test id="s1-s4-t1" name="Deve abrir a tela principal">
<kw name="Open Application" library="AppiumLibrary">
<doc>Opens a new application to given Appium server.
Capabilities of appium server, Android and iOS,
Please check https://github.com/appium/appium/blob/master/docs/en/writing-running-appium/server-args.md
| *Option*            | *Man.* | *Description*     |
| remote_url          | Yes    | Appium server url |
| alias               | no     | alias             |</doc>
<arguments>
<arg>http://localhost:4723/wd/hub</arg>
<arg>automationName=UiAutomator2</arg>
<arg>platformName=Android</arg>
<arg>deviceName=Android Emulator</arg>
<arg>app=${EXECDIR}/app/twp.apk</arg>
</arguments>
<status status="PASS" starttime="20210316 14:10:03.813" endtime="20210316 14:10:21.844"></status>
</kw>
<kw name="Wait Until Page Contains" library="AppiumLibrary">
<doc>Waits until `text` appears on current page.</doc>
<arguments>
<arg>Training Wheels Protocol</arg>
<arg>5</arg>
</arguments>
<status status="PASS" starttime="20210316 14:10:21.845" endtime="20210316 14:10:25.876"></status>
</kw>
<kw name="Wait Until Page Contains" library="AppiumLibrary">
<doc>Waits until `text` appears on current page.</doc>
<arguments>
<arg>Mobile Version</arg>
</arguments>
<status status="PASS" starttime="20210316 14:10:25.876" endtime="20210316 14:10:25.984"></status>
</kw>
<kw name="Close Application" library="AppiumLibrary">
<doc>Closes the current application and also close webdriver session.</doc>
<status status="PASS" starttime="20210316 14:10:25.985" endtime="20210316 14:10:26.824"></status>
</kw>
<status status="PASS" starttime="20210316 14:10:03.812" endtime="20210316 14:10:26.825" critical="yes"></status>
</test>
<status status="PASS" starttime="20210316 14:10:03.806" endtime="20210316 14:10:26.827"></status>
</suite>
<suite id="s1-s5" name="Login" source="C:\ProjetoAppium\twp\testes\login.robot">
<test id="s1-s5-t1" name="Deve logar com sucesso">
<kw name="Open Session" library="base" type="setup">
<kw name="Set Appium Timeout" library="AppiumLibrary">
<doc>Sets the timeout in seconds used by various keywords.</doc>
<arguments>
<arg>5</arg>
</arguments>
<status status="PASS" starttime="20210316 14:10:26.839" endtime="20210316 14:10:26.840"></status>
</kw>
<kw name="Open Application" library="AppiumLibrary">
<doc>Opens a new application to given Appium server.
Capabilities of appium server, Android and iOS,
Please check https://github.com/appium/appium/blob/master/docs/en/writing-running-appium/server-args.md
| *Option*            | *Man.* | *Description*     |
| remote_url          | Yes    | Appium server url |
| alias               | no     | alias             |</doc>
<arguments>
<arg>http://localhost:4723/wd/hub</arg>
<arg>automationName=UiAutomator2</arg>
<arg>platformName=Android</arg>
<arg>deviceName=Android Emulator</arg>
<arg>app=${EXECDIR}/app/twp.apk</arg>
</arguments>
<status status="PASS" starttime="20210316 14:10:26.840" endtime="20210316 14:10:44.702"></status>
</kw>
<kw name="Get Started" library="helpers">
<kw name="Wait Until Page Contains" library="AppiumLibrary">
<doc>Waits until `text` appears on current page.</doc>
<arguments>
<arg>${START}</arg>
</arguments>
<status status="PASS" starttime="20210316 14:10:44.703" endtime="20210316 14:10:48.839"></status>
</kw>
<kw name="Click Text" library="AppiumLibrary">
<doc>Click text identified by ``text``.</doc>
<arguments>
<arg>${START}</arg>
</arguments>
<status status="PASS" starttime="20210316 14:10:48.839" endtime="20210316 14:10:49.083"></status>
</kw>
<status status="PASS" starttime="20210316 14:10:44.702" endtime="20210316 14:10:49.083"></status>
</kw>
<status status="PASS" starttime="20210316 14:10:26.839" endtime="20210316 14:10:49.083"></status>
</kw>
<kw name="Go To Login Form" library="helpers">
<kw name="Open Nav" library="helpers">
<kw name="Wait Until Element Is Visible" library="AppiumLibrary">
<doc>Waits until element specified with `locator` is visible.</doc>
<arguments>
<arg>${HAMBURGER}</arg>
</arguments>
<status status="PASS" starttime="20210316 14:10:49.085" endtime="20210316 14:10:50.356"></status>
</kw>
<kw name="Click Element" library="AppiumLibrary">
<doc>Click element identified by `locator`.</doc>
<arguments>
<arg>${HAMBURGER}</arg>
</arguments>
<msg timestamp="20210316 14:10:50.357" level="INFO">Clicking element 'xpath= //android.widget.ImageButton[@content-desc="Open navigation drawer"]'.</msg>
<status status="PASS" starttime="20210316 14:10:50.356" endtime="20210316 14:10:50.505"></status>
</kw>
<kw name="Wait Until Element Is Visible" library="AppiumLibrary">
<doc>Waits until element specified with `locator` is visible.</doc>
<arguments>
<arg>${NAV_VIEW}</arg>
</arguments>
<status status="PASS" starttime="20210316 14:10:50.505" endtime="20210316 14:10:51.596"></status>
</kw>
<status status="PASS" starttime="20210316 14:10:49.084" endtime="20210316 14:10:51.596"></status>
</kw>
<kw name="Click Text" library="AppiumLibrary">
<doc>Click text identified by ``text``.</doc>
<arguments>
<arg>FORMS</arg>
</arguments>
<status status="PASS" starttime="20210316 14:10:51.596" endtime="20210316 14:10:51.782"></status>
</kw>
<kw name="Wait Until Page Contains" library="AppiumLibrary">
<doc>Waits until `text` appears on current page.</doc>
<arguments>
<arg>FORMS</arg>
</arguments>
<status status="PASS" starttime="20210316 14:10:51.782" endtime="20210316 14:10:52.429"></status>
</kw>
<kw name="Click Text" library="AppiumLibrary">
<doc>Click text identified by ``text``.</doc>
<arguments>
<arg>LOGIN</arg>
</arguments>
<status status="PASS" starttime="20210316 14:10:52.429" endtime="20210316 14:10:52.908"></status>
</kw>
<kw name="Wait Until Page Contains" library="AppiumLibrary">
<doc>Waits until `text` appears on current page.</doc>
<arguments>
<arg>Fala QA, vamos testar o login?</arg>
</arguments>
<status status="PASS" starttime="20210316 14:10:52.908" endtime="20210316 14:10:54.151"></status>
</kw>
<status status="PASS" starttime="20210316 14:10:49.084" endtime="20210316 14:10:54.151"></status>
</kw>
<kw name="Input Text" library="AppiumLibrary">
<doc>Types the given `text` into text field identified by `locator`.</doc>
<arguments>
<arg>id=io.qaninja.android.twp:id/etEmail</arg>
<arg>eu@papito.io</arg>
</arguments>
<msg timestamp="20210316 14:10:54.153" level="INFO">Typing text 'eu@papito.io' into text field 'id=io.qaninja.android.twp:id/etEmail'</msg>
<status status="PASS" starttime="20210316 14:10:54.151" endtime="20210316 14:10:54.735"></status>
</kw>
<kw name="Input Text" library="AppiumLibrary">
<doc>Types the given `text` into text field identified by `locator`.</doc>
<arguments>
<arg>id=io.qaninja.android.twp:id/etPassword</arg>
<arg>qaninja</arg>
</arguments>
<msg timestamp="20210316 14:10:54.738" level="INFO">Typing text 'qaninja' into text field 'id=io.qaninja.android.twp:id/etPassword'</msg>
<status status="PASS" starttime="20210316 14:10:54.736" endtime="20210316 14:10:55.316"></status>
</kw>
<kw name="Click Element" library="AppiumLibrary">
<doc>Click element identified by `locator`.</doc>
<arguments>
<arg>id=io.qaninja.android.twp:id/btnSubmit</arg>
</arguments>
<msg timestamp="20210316 14:10:55.318" level="INFO">Clicking element 'id=io.qaninja.android.twp:id/btnSubmit'.</msg>
<status status="PASS" starttime="20210316 14:10:55.316" endtime="20210316 14:10:55.861"></status>
</kw>
<kw name="Wait Until Page Contains" library="AppiumLibrary">
<doc>Waits until `text` appears on current page.</doc>
<arguments>
<arg>Show! Suas credenciais são validas.</arg>
</arguments>
<status status="PASS" starttime="20210316 14:10:55.862" endtime="20210316 14:10:56.130"></status>
</kw>
<kw name="Close Session" library="base" type="teardown">
<kw name="Capture Page Screenshot" library="AppiumLibrary">
<doc>Takes a screenshot of the current page and embeds it into the log.</doc>
<msg timestamp="20210316 14:10:58.598" level="INFO" html="yes">&lt;/td&gt;&lt;/tr&gt;&lt;tr&gt;&lt;td colspan="3"&gt;&lt;a href="appium-screenshot-7.png"&gt;&lt;img src="appium-screenshot-7.png" width="800px"&gt;&lt;/a&gt;</msg>
<status status="PASS" starttime="20210316 14:10:56.131" endtime="20210316 14:10:58.598"></status>
</kw>
<kw name="Close Application" library="AppiumLibrary">
<doc>Closes the current application and also close webdriver session.</doc>
<status status="PASS" starttime="20210316 14:10:58.599" endtime="20210316 14:10:59.469"></status>
</kw>
<status status="PASS" starttime="20210316 14:10:56.131" endtime="20210316 14:10:59.469"></status>
</kw>
<status status="PASS" starttime="20210316 14:10:26.838" endtime="20210316 14:10:59.471" critical="yes"></status>
</test>
<status status="PASS" starttime="20210316 14:10:26.829" endtime="20210316 14:10:59.473"></status>
</suite>
<suite id="s1-s6" name="Nav" source="C:\ProjetoAppium\twp\testes\nav.robot">
<test id="s1-s6-t1" name="Deve acessar a tela Dialogs">
<kw name="Open Session" library="base" type="setup">
<kw name="Set Appium Timeout" library="AppiumLibrary">
<doc>Sets the timeout in seconds used by various keywords.</doc>
<arguments>
<arg>5</arg>
</arguments>
<status status="PASS" starttime="20210316 14:10:59.490" endtime="20210316 14:10:59.491"></status>
</kw>
<kw name="Open Application" library="AppiumLibrary">
<doc>Opens a new application to given Appium server.
Capabilities of appium server, Android and iOS,
Please check https://github.com/appium/appium/blob/master/docs/en/writing-running-appium/server-args.md
| *Option*            | *Man.* | *Description*     |
| remote_url          | Yes    | Appium server url |
| alias               | no     | alias             |</doc>
<arguments>
<arg>http://localhost:4723/wd/hub</arg>
<arg>automationName=UiAutomator2</arg>
<arg>platformName=Android</arg>
<arg>deviceName=Android Emulator</arg>
<arg>app=${EXECDIR}/app/twp.apk</arg>
</arguments>
<status status="PASS" starttime="20210316 14:10:59.491" endtime="20210316 14:11:17.411"></status>
</kw>
<kw name="Get Started" library="helpers">
<kw name="Wait Until Page Contains" library="AppiumLibrary">
<doc>Waits until `text` appears on current page.</doc>
<arguments>
<arg>${START}</arg>
</arguments>
<status status="PASS" starttime="20210316 14:11:17.412" endtime="20210316 14:11:21.648"></status>
</kw>
<kw name="Click Text" library="AppiumLibrary">
<doc>Click text identified by ``text``.</doc>
<arguments>
<arg>${START}</arg>
</arguments>
<status status="PASS" starttime="20210316 14:11:21.648" endtime="20210316 14:11:21.905"></status>
</kw>
<status status="PASS" starttime="20210316 14:11:17.411" endtime="20210316 14:11:21.905"></status>
</kw>
<status status="PASS" starttime="20210316 14:10:59.490" endtime="20210316 14:11:21.905"></status>
</kw>
<kw name="Open Nav" library="helpers">
<kw name="Wait Until Element Is Visible" library="AppiumLibrary">
<doc>Waits until element specified with `locator` is visible.</doc>
<arguments>
<arg>${HAMBURGER}</arg>
</arguments>
<status status="PASS" starttime="20210316 14:11:21.906" endtime="20210316 14:11:23.196"></status>
</kw>
<kw name="Click Element" library="AppiumLibrary">
<doc>Click element identified by `locator`.</doc>
<arguments>
<arg>${HAMBURGER}</arg>
</arguments>
<msg timestamp="20210316 14:11:23.197" level="INFO">Clicking element 'xpath= //android.widget.ImageButton[@content-desc="Open navigation drawer"]'.</msg>
<status status="PASS" starttime="20210316 14:11:23.196" endtime="20210316 14:11:23.345"></status>
</kw>
<kw name="Wait Until Element Is Visible" library="AppiumLibrary">
<doc>Waits until element specified with `locator` is visible.</doc>
<arguments>
<arg>${NAV_VIEW}</arg>
</arguments>
<status status="PASS" starttime="20210316 14:11:23.345" endtime="20210316 14:11:24.418"></status>
</kw>
<status status="PASS" starttime="20210316 14:11:21.906" endtime="20210316 14:11:24.418"></status>
</kw>
<kw name="Click Text" library="AppiumLibrary">
<doc>Click text identified by ``text``.</doc>
<arguments>
<arg>DIALOGS</arg>
</arguments>
<status status="PASS" starttime="20210316 14:11:24.419" endtime="20210316 14:11:24.600"></status>
</kw>
<kw name="Wait Until Element Is Visible" library="AppiumLibrary">
<doc>Waits until element specified with `locator` is visible.</doc>
<arguments>
<arg>${TOOLBAR_TITLE}</arg>
</arguments>
<status status="PASS" starttime="20210316 14:11:24.600" endtime="20210316 14:11:25.588"></status>
</kw>
<kw name="Element Text Should Be" library="AppiumLibrary">
<doc>Verifies element identified by ``locator`` exactly contains text ``expected``.</doc>
<arguments>
<arg>${TOOLBAR_TITLE}</arg>
<arg>DIALOGS</arg>
</arguments>
<msg timestamp="20210316 14:11:25.590" level="INFO">Verifying element 'id=io.qaninja.android.twp:id/toolbarTitle' contains exactly text 'DIALOGS'.</msg>
<status status="PASS" starttime="20210316 14:11:25.589" endtime="20210316 14:11:25.655"></status>
</kw>
<kw name="Close Session" library="base" type="teardown">
<kw name="Capture Page Screenshot" library="AppiumLibrary">
<doc>Takes a screenshot of the current page and embeds it into the log.</doc>
<msg timestamp="20210316 14:11:26.811" level="INFO" html="yes">&lt;/td&gt;&lt;/tr&gt;&lt;tr&gt;&lt;td colspan="3"&gt;&lt;a href="appium-screenshot-8.png"&gt;&lt;img src="appium-screenshot-8.png" width="800px"&gt;&lt;/a&gt;</msg>
<status status="PASS" starttime="20210316 14:11:25.656" endtime="20210316 14:11:26.811"></status>
</kw>
<kw name="Close Application" library="AppiumLibrary">
<doc>Closes the current application and also close webdriver session.</doc>
<status status="PASS" starttime="20210316 14:11:26.812" endtime="20210316 14:11:27.711"></status>
</kw>
<status status="PASS" starttime="20210316 14:11:25.655" endtime="20210316 14:11:27.711"></status>
</kw>
<status status="PASS" starttime="20210316 14:10:59.489" endtime="20210316 14:11:27.711" critical="yes"></status>
</test>
<test id="s1-s6-t2" name="Deve acessar a tela de formulários">
<kw name="Open Session" library="base" type="setup">
<kw name="Set Appium Timeout" library="AppiumLibrary">
<doc>Sets the timeout in seconds used by various keywords.</doc>
<arguments>
<arg>5</arg>
</arguments>
<status status="PASS" starttime="20210316 14:11:27.715" endtime="20210316 14:11:27.715"></status>
</kw>
<kw name="Open Application" library="AppiumLibrary">
<doc>Opens a new application to given Appium server.
Capabilities of appium server, Android and iOS,
Please check https://github.com/appium/appium/blob/master/docs/en/writing-running-appium/server-args.md
| *Option*            | *Man.* | *Description*     |
| remote_url          | Yes    | Appium server url |
| alias               | no     | alias             |</doc>
<arguments>
<arg>http://localhost:4723/wd/hub</arg>
<arg>automationName=UiAutomator2</arg>
<arg>platformName=Android</arg>
<arg>deviceName=Android Emulator</arg>
<arg>app=${EXECDIR}/app/twp.apk</arg>
</arguments>
<status status="PASS" starttime="20210316 14:11:27.715" endtime="20210316 14:11:45.420"></status>
</kw>
<kw name="Get Started" library="helpers">
<kw name="Wait Until Page Contains" library="AppiumLibrary">
<doc>Waits until `text` appears on current page.</doc>
<arguments>
<arg>${START}</arg>
</arguments>
<status status="PASS" starttime="20210316 14:11:45.421" endtime="20210316 14:11:49.549"></status>
</kw>
<kw name="Click Text" library="AppiumLibrary">
<doc>Click text identified by ``text``.</doc>
<arguments>
<arg>${START}</arg>
</arguments>
<status status="PASS" starttime="20210316 14:11:49.550" endtime="20210316 14:11:49.801"></status>
</kw>
<status status="PASS" starttime="20210316 14:11:45.420" endtime="20210316 14:11:49.802"></status>
</kw>
<status status="PASS" starttime="20210316 14:11:27.714" endtime="20210316 14:11:49.802"></status>
</kw>
<kw name="Open Nav" library="helpers">
<kw name="Wait Until Element Is Visible" library="AppiumLibrary">
<doc>Waits until element specified with `locator` is visible.</doc>
<arguments>
<arg>${HAMBURGER}</arg>
</arguments>
<status status="PASS" starttime="20210316 14:11:49.803" endtime="20210316 14:11:51.158"></status>
</kw>
<kw name="Click Element" library="AppiumLibrary">
<doc>Click element identified by `locator`.</doc>
<arguments>
<arg>${HAMBURGER}</arg>
</arguments>
<msg timestamp="20210316 14:11:51.160" level="INFO">Clicking element 'xpath= //android.widget.ImageButton[@content-desc="Open navigation drawer"]'.</msg>
<status status="PASS" starttime="20210316 14:11:51.158" endtime="20210316 14:11:51.280"></status>
</kw>
<kw name="Wait Until Element Is Visible" library="AppiumLibrary">
<doc>Waits until element specified with `locator` is visible.</doc>
<arguments>
<arg>${NAV_VIEW}</arg>
</arguments>
<status status="PASS" starttime="20210316 14:11:51.281" endtime="20210316 14:11:52.355"></status>
</kw>
<status status="PASS" starttime="20210316 14:11:49.802" endtime="20210316 14:11:52.355"></status>
</kw>
<kw name="Click Text" library="AppiumLibrary">
<doc>Click text identified by ``text``.</doc>
<arguments>
<arg>FORMS</arg>
</arguments>
<status status="PASS" starttime="20210316 14:11:52.355" endtime="20210316 14:11:52.546"></status>
</kw>
<kw name="Wait Until Element Is Visible" library="AppiumLibrary">
<doc>Waits until element specified with `locator` is visible.</doc>
<arguments>
<arg>${TOOLBAR_TITLE}</arg>
</arguments>
<status status="PASS" starttime="20210316 14:11:52.547" endtime="20210316 14:11:53.551"></status>
</kw>
<kw name="Element Text Should Be" library="AppiumLibrary">
<doc>Verifies element identified by ``locator`` exactly contains text ``expected``.</doc>
<arguments>
<arg>${TOOLBAR_TITLE}</arg>
<arg>FORMS</arg>
</arguments>
<msg timestamp="20210316 14:11:53.553" level="INFO">Verifying element 'id=io.qaninja.android.twp:id/toolbarTitle' contains exactly text 'FORMS'.</msg>
<status status="PASS" starttime="20210316 14:11:53.551" endtime="20210316 14:11:53.614"></status>
</kw>
<kw name="Close Session" library="base" type="teardown">
<kw name="Capture Page Screenshot" library="AppiumLibrary">
<doc>Takes a screenshot of the current page and embeds it into the log.</doc>
<msg timestamp="20210316 14:11:55.160" level="INFO" html="yes">&lt;/td&gt;&lt;/tr&gt;&lt;tr&gt;&lt;td colspan="3"&gt;&lt;a href="appium-screenshot-9.png"&gt;&lt;img src="appium-screenshot-9.png" width="800px"&gt;&lt;/a&gt;</msg>
<status status="PASS" starttime="20210316 14:11:53.616" endtime="20210316 14:11:55.160"></status>
</kw>
<kw name="Close Application" library="AppiumLibrary">
<doc>Closes the current application and also close webdriver session.</doc>
<status status="PASS" starttime="20210316 14:11:55.160" endtime="20210316 14:11:55.984"></status>
</kw>
<status status="PASS" starttime="20210316 14:11:53.615" endtime="20210316 14:11:55.985"></status>
</kw>
<status status="PASS" starttime="20210316 14:11:27.713" endtime="20210316 14:11:55.985" critical="yes"></status>
</test>
<test id="s1-s6-t3" name="Deve acessar a tela de vingadores">
<kw name="Open Session" library="base" type="setup">
<kw name="Set Appium Timeout" library="AppiumLibrary">
<doc>Sets the timeout in seconds used by various keywords.</doc>
<arguments>
<arg>5</arg>
</arguments>
<status status="PASS" starttime="20210316 14:11:55.988" endtime="20210316 14:11:55.989"></status>
</kw>
<kw name="Open Application" library="AppiumLibrary">
<doc>Opens a new application to given Appium server.
Capabilities of appium server, Android and iOS,
Please check https://github.com/appium/appium/blob/master/docs/en/writing-running-appium/server-args.md
| *Option*            | *Man.* | *Description*     |
| remote_url          | Yes    | Appium server url |
| alias               | no     | alias             |</doc>
<arguments>
<arg>http://localhost:4723/wd/hub</arg>
<arg>automationName=UiAutomator2</arg>
<arg>platformName=Android</arg>
<arg>deviceName=Android Emulator</arg>
<arg>app=${EXECDIR}/app/twp.apk</arg>
</arguments>
<status status="PASS" starttime="20210316 14:11:55.989" endtime="20210316 14:12:13.795"></status>
</kw>
<kw name="Get Started" library="helpers">
<kw name="Wait Until Page Contains" library="AppiumLibrary">
<doc>Waits until `text` appears on current page.</doc>
<arguments>
<arg>${START}</arg>
</arguments>
<status status="PASS" starttime="20210316 14:12:13.796" endtime="20210316 14:12:18.071"></status>
</kw>
<kw name="Click Text" library="AppiumLibrary">
<doc>Click text identified by ``text``.</doc>
<arguments>
<arg>${START}</arg>
</arguments>
<status status="PASS" starttime="20210316 14:12:18.071" endtime="20210316 14:12:18.319"></status>
</kw>
<status status="PASS" starttime="20210316 14:12:13.795" endtime="20210316 14:12:18.319"></status>
</kw>
<status status="PASS" starttime="20210316 14:11:55.988" endtime="20210316 14:12:18.319"></status>
</kw>
<kw name="Open Nav" library="helpers">
<kw name="Wait Until Element Is Visible" library="AppiumLibrary">
<doc>Waits until element specified with `locator` is visible.</doc>
<arguments>
<arg>${HAMBURGER}</arg>
</arguments>
<status status="PASS" starttime="20210316 14:12:18.321" endtime="20210316 14:12:19.657"></status>
</kw>
<kw name="Click Element" library="AppiumLibrary">
<doc>Click element identified by `locator`.</doc>
<arguments>
<arg>${HAMBURGER}</arg>
</arguments>
<msg timestamp="20210316 14:12:19.659" level="INFO">Clicking element 'xpath= //android.widget.ImageButton[@content-desc="Open navigation drawer"]'.</msg>
<status status="PASS" starttime="20210316 14:12:19.657" endtime="20210316 14:12:19.808"></status>
</kw>
<kw name="Wait Until Element Is Visible" library="AppiumLibrary">
<doc>Waits until element specified with `locator` is visible.</doc>
<arguments>
<arg>${NAV_VIEW}</arg>
</arguments>
<status status="PASS" starttime="20210316 14:12:19.808" endtime="20210316 14:12:20.861"></status>
</kw>
<status status="PASS" starttime="20210316 14:12:18.320" endtime="20210316 14:12:20.861"></status>
</kw>
<kw name="Click Text" library="AppiumLibrary">
<doc>Click text identified by ``text``.</doc>
<arguments>
<arg>AVENGERS</arg>
</arguments>
<status status="PASS" starttime="20210316 14:12:20.861" endtime="20210316 14:12:21.057"></status>
</kw>
<kw name="Wait Until Element Is Visible" library="AppiumLibrary">
<doc>Waits until element specified with `locator` is visible.</doc>
<arguments>
<arg>${TOOLBAR_TITLE}</arg>
</arguments>
<status status="PASS" starttime="20210316 14:12:21.058" endtime="20210316 14:12:22.079"></status>
</kw>
<kw name="Element Text Should Be" library="AppiumLibrary">
<doc>Verifies element identified by ``locator`` exactly contains text ``expected``.</doc>
<arguments>
<arg>${TOOLBAR_TITLE}</arg>
<arg>AVENGERS</arg>
</arguments>
<msg timestamp="20210316 14:12:22.081" level="INFO">Verifying element 'id=io.qaninja.android.twp:id/toolbarTitle' contains exactly text 'AVENGERS'.</msg>
<status status="PASS" starttime="20210316 14:12:22.080" endtime="20210316 14:12:22.148"></status>
</kw>
<kw name="Close Session" library="base" type="teardown">
<kw name="Capture Page Screenshot" library="AppiumLibrary">
<doc>Takes a screenshot of the current page and embeds it into the log.</doc>
<msg timestamp="20210316 14:12:23.660" level="INFO" html="yes">&lt;/td&gt;&lt;/tr&gt;&lt;tr&gt;&lt;td colspan="3"&gt;&lt;a href="appium-screenshot-10.png"&gt;&lt;img src="appium-screenshot-10.png" width="800px"&gt;&lt;/a&gt;</msg>
<status status="PASS" starttime="20210316 14:12:22.149" endtime="20210316 14:12:23.660"></status>
</kw>
<kw name="Close Application" library="AppiumLibrary">
<doc>Closes the current application and also close webdriver session.</doc>
<status status="PASS" starttime="20210316 14:12:23.660" endtime="20210316 14:12:24.452"></status>
</kw>
<status status="PASS" starttime="20210316 14:12:22.149" endtime="20210316 14:12:24.452"></status>
</kw>
<status status="PASS" starttime="20210316 14:11:55.987" endtime="20210316 14:12:24.452" critical="yes"></status>
</test>
<status status="PASS" starttime="20210316 14:10:59.477" endtime="20210316 14:12:24.454"></status>
</suite>
<suite id="s1-s7" name="Radio" source="C:\ProjetoAppium\twp\testes\radio.robot">
<test id="s1-s7-t1" name="Deve selecionar a opção python">
<kw name="Open Session" library="base" type="setup">
<kw name="Set Appium Timeout" library="AppiumLibrary">
<doc>Sets the timeout in seconds used by various keywords.</doc>
<arguments>
<arg>5</arg>
</arguments>
<status status="PASS" starttime="20210316 14:12:24.466" endtime="20210316 14:12:24.467"></status>
</kw>
<kw name="Open Application" library="AppiumLibrary">
<doc>Opens a new application to given Appium server.
Capabilities of appium server, Android and iOS,
Please check https://github.com/appium/appium/blob/master/docs/en/writing-running-appium/server-args.md
| *Option*            | *Man.* | *Description*     |
| remote_url          | Yes    | Appium server url |
| alias               | no     | alias             |</doc>
<arguments>
<arg>http://localhost:4723/wd/hub</arg>
<arg>automationName=UiAutomator2</arg>
<arg>platformName=Android</arg>
<arg>deviceName=Android Emulator</arg>
<arg>app=${EXECDIR}/app/twp.apk</arg>
</arguments>
<status status="PASS" starttime="20210316 14:12:24.467" endtime="20210316 14:12:42.516"></status>
</kw>
<kw name="Get Started" library="helpers">
<kw name="Wait Until Page Contains" library="AppiumLibrary">
<doc>Waits until `text` appears on current page.</doc>
<arguments>
<arg>${START}</arg>
</arguments>
<status status="PASS" starttime="20210316 14:12:42.517" endtime="20210316 14:12:46.780"></status>
</kw>
<kw name="Click Text" library="AppiumLibrary">
<doc>Click text identified by ``text``.</doc>
<arguments>
<arg>${START}</arg>
</arguments>
<status status="PASS" starttime="20210316 14:12:46.780" endtime="20210316 14:12:47.122"></status>
</kw>
<status status="PASS" starttime="20210316 14:12:42.516" endtime="20210316 14:12:47.122"></status>
</kw>
<status status="PASS" starttime="20210316 14:12:24.466" endtime="20210316 14:12:47.122"></status>
</kw>
<kw name="Go To Radion Buttons" library="helpers">
<kw name="Open Nav" library="helpers">
<kw name="Wait Until Element Is Visible" library="AppiumLibrary">
<doc>Waits until element specified with `locator` is visible.</doc>
<arguments>
<arg>${HAMBURGER}</arg>
</arguments>
<status status="PASS" starttime="20210316 14:12:47.124" endtime="20210316 14:12:48.473"></status>
</kw>
<kw name="Click Element" library="AppiumLibrary">
<doc>Click element identified by `locator`.</doc>
<arguments>
<arg>${HAMBURGER}</arg>
</arguments>
<msg timestamp="20210316 14:12:48.474" level="INFO">Clicking element 'xpath= //android.widget.ImageButton[@content-desc="Open navigation drawer"]'.</msg>
<status status="PASS" starttime="20210316 14:12:48.473" endtime="20210316 14:12:48.646"></status>
</kw>
<kw name="Wait Until Element Is Visible" library="AppiumLibrary">
<doc>Waits until element specified with `locator` is visible.</doc>
<arguments>
<arg>${NAV_VIEW}</arg>
</arguments>
<status status="PASS" starttime="20210316 14:12:48.646" endtime="20210316 14:12:49.725"></status>
</kw>
<status status="PASS" starttime="20210316 14:12:47.124" endtime="20210316 14:12:49.725"></status>
</kw>
<kw name="Click Text" library="AppiumLibrary">
<doc>Click text identified by ``text``.</doc>
<arguments>
<arg>INPUTS</arg>
</arguments>
<status status="PASS" starttime="20210316 14:12:49.725" endtime="20210316 14:12:49.905"></status>
</kw>
<kw name="Wait Until Page Contains" library="AppiumLibrary">
<doc>Waits until `text` appears on current page.</doc>
<arguments>
<arg>INPUTS</arg>
</arguments>
<status status="PASS" starttime="20210316 14:12:49.906" endtime="20210316 14:12:50.520"></status>
</kw>
<kw name="Click Text" library="AppiumLibrary">
<doc>Click text identified by ``text``.</doc>
<arguments>
<arg>BOTÕES DE RADIO</arg>
</arguments>
<status status="PASS" starttime="20210316 14:12:50.520" endtime="20210316 14:12:51.010"></status>
</kw>
<kw name="Wait Until Page Contains" library="AppiumLibrary">
<doc>Waits until `text` appears on current page.</doc>
<arguments>
<arg>Escolha sua linguagem preferida</arg>
</arguments>
<status status="PASS" starttime="20210316 14:12:51.010" endtime="20210316 14:12:52.077"></status>
</kw>
<status status="PASS" starttime="20210316 14:12:47.123" endtime="20210316 14:12:52.077"></status>
</kw>
<kw name="Set Variable" library="BuiltIn">
<doc>Returns the given values which can then be assigned to a variables.</doc>
<arguments>
<arg>xpath=//android.widget.RadioButton[contains(@text,'Python')]</arg>
</arguments>
<assign>
<var>${element}</var>
</assign>
<msg timestamp="20210316 14:12:52.078" level="INFO">${element} = xpath=//android.widget.RadioButton[contains(@text,'Python')]</msg>
<status status="PASS" starttime="20210316 14:12:52.078" endtime="20210316 14:12:52.078"></status>
</kw>
<kw name="Click Element" library="AppiumLibrary">
<doc>Click element identified by `locator`.</doc>
<arguments>
<arg>${element}</arg>
</arguments>
<msg timestamp="20210316 14:12:52.079" level="INFO">Clicking element 'xpath=//android.widget.RadioButton[contains(@text,'Python')]'.</msg>
<status status="PASS" starttime="20210316 14:12:52.078" endtime="20210316 14:12:52.204"></status>
</kw>
<kw name="Wait Until Element Is Visible" library="AppiumLibrary">
<doc>Waits until element specified with `locator` is visible.</doc>
<arguments>
<arg>${element}</arg>
</arguments>
<status status="PASS" starttime="20210316 14:12:52.205" endtime="20210316 14:12:52.857"></status>
</kw>
<kw name="Element Attribute Should Match" library="AppiumLibrary">
<doc>Verify that an attribute of an element matches the expected criteria.</doc>
<arguments>
<arg>${element}</arg>
<arg>checked</arg>
<arg>true</arg>
</arguments>
<msg timestamp="20210316 14:12:52.957" level="INFO">Element 'xpath=//android.widget.RadioButton[contains(@text,'Python')]' attribute 'checked' is 'true' </msg>
<status status="PASS" starttime="20210316 14:12:52.858" endtime="20210316 14:12:52.957"></status>
</kw>
<kw name="Close Session" library="base" type="teardown">
<kw name="Capture Page Screenshot" library="AppiumLibrary">
<doc>Takes a screenshot of the current page and embeds it into the log.</doc>
<msg timestamp="20210316 14:12:53.774" level="INFO" html="yes">&lt;/td&gt;&lt;/tr&gt;&lt;tr&gt;&lt;td colspan="3"&gt;&lt;a href="appium-screenshot-11.png"&gt;&lt;img src="appium-screenshot-11.png" width="800px"&gt;&lt;/a&gt;</msg>
<status status="PASS" starttime="20210316 14:12:52.958" endtime="20210316 14:12:53.774"></status>
</kw>
<kw name="Close Application" library="AppiumLibrary">
<doc>Closes the current application and also close webdriver session.</doc>
<status status="PASS" starttime="20210316 14:12:53.774" endtime="20210316 14:12:54.744"></status>
</kw>
<status status="PASS" starttime="20210316 14:12:52.957" endtime="20210316 14:12:54.745"></status>
</kw>
<status status="PASS" starttime="20210316 14:12:24.465" endtime="20210316 14:12:54.745" critical="yes"></status>
</test>
<status status="PASS" starttime="20210316 14:12:24.457" endtime="20210316 14:12:54.747"></status>
</suite>
<suite id="s1-s8" name="Spinner" source="C:\ProjetoAppium\twp\testes\spinner.robot">
<test id="s1-s8-t1" name="Deve selecionar o perfil QA">
<kw name="Open Session" library="base" type="setup">
<kw name="Set Appium Timeout" library="AppiumLibrary">
<doc>Sets the timeout in seconds used by various keywords.</doc>
<arguments>
<arg>5</arg>
</arguments>
<status status="PASS" starttime="20210316 14:12:54.762" endtime="20210316 14:12:54.762"></status>
</kw>
<kw name="Open Application" library="AppiumLibrary">
<doc>Opens a new application to given Appium server.
Capabilities of appium server, Android and iOS,
Please check https://github.com/appium/appium/blob/master/docs/en/writing-running-appium/server-args.md
| *Option*            | *Man.* | *Description*     |
| remote_url          | Yes    | Appium server url |
| alias               | no     | alias             |</doc>
<arguments>
<arg>http://localhost:4723/wd/hub</arg>
<arg>automationName=UiAutomator2</arg>
<arg>platformName=Android</arg>
<arg>deviceName=Android Emulator</arg>
<arg>app=${EXECDIR}/app/twp.apk</arg>
</arguments>
<status status="PASS" starttime="20210316 14:12:54.762" endtime="20210316 14:13:13.047"></status>
</kw>
<kw name="Get Started" library="helpers">
<kw name="Wait Until Page Contains" library="AppiumLibrary">
<doc>Waits until `text` appears on current page.</doc>
<arguments>
<arg>${START}</arg>
</arguments>
<status status="PASS" starttime="20210316 14:13:13.047" endtime="20210316 14:13:17.200"></status>
</kw>
<kw name="Click Text" library="AppiumLibrary">
<doc>Click text identified by ``text``.</doc>
<arguments>
<arg>${START}</arg>
</arguments>
<status status="PASS" starttime="20210316 14:13:17.200" endtime="20210316 14:13:17.452"></status>
</kw>
<status status="PASS" starttime="20210316 14:13:13.047" endtime="20210316 14:13:17.452"></status>
</kw>
<status status="PASS" starttime="20210316 14:12:54.761" endtime="20210316 14:13:17.452"></status>
</kw>
<kw name="Go To SingUp Form" library="helpers">
<kw name="Open Nav" library="helpers">
<kw name="Wait Until Element Is Visible" library="AppiumLibrary">
<doc>Waits until element specified with `locator` is visible.</doc>
<arguments>
<arg>${HAMBURGER}</arg>
</arguments>
<status status="PASS" starttime="20210316 14:13:17.453" endtime="20210316 14:13:18.766"></status>
</kw>
<kw name="Click Element" library="AppiumLibrary">
<doc>Click element identified by `locator`.</doc>
<arguments>
<arg>${HAMBURGER}</arg>
</arguments>
<msg timestamp="20210316 14:13:18.768" level="INFO">Clicking element 'xpath= //android.widget.ImageButton[@content-desc="Open navigation drawer"]'.</msg>
<status status="PASS" starttime="20210316 14:13:18.766" endtime="20210316 14:13:18.901"></status>
</kw>
<kw name="Wait Until Element Is Visible" library="AppiumLibrary">
<doc>Waits until element specified with `locator` is visible.</doc>
<arguments>
<arg>${NAV_VIEW}</arg>
</arguments>
<status status="PASS" starttime="20210316 14:13:18.901" endtime="20210316 14:13:19.973"></status>
</kw>
<status status="PASS" starttime="20210316 14:13:17.453" endtime="20210316 14:13:19.973"></status>
</kw>
<kw name="Click Text" library="AppiumLibrary">
<doc>Click text identified by ``text``.</doc>
<arguments>
<arg>FORMS</arg>
</arguments>
<status status="PASS" starttime="20210316 14:13:19.973" endtime="20210316 14:13:20.153"></status>
</kw>
<kw name="Wait Until Page Contains" library="AppiumLibrary">
<doc>Waits until `text` appears on current page.</doc>
<arguments>
<arg>FORMS</arg>
</arguments>
<status status="PASS" starttime="20210316 14:13:20.153" endtime="20210316 14:13:20.809"></status>
</kw>
<kw name="Click Text" library="AppiumLibrary">
<doc>Click text identified by ``text``.</doc>
<arguments>
<arg>CADASTRO</arg>
</arguments>
<status status="PASS" starttime="20210316 14:13:20.809" endtime="20210316 14:13:21.255"></status>
</kw>
<kw name="Wait Until Page Contains" library="AppiumLibrary">
<doc>Waits until `text` appears on current page.</doc>
<arguments>
<arg>Bem-vindo, crie sua conta.</arg>
</arguments>
<status status="PASS" starttime="20210316 14:13:21.255" endtime="20210316 14:13:22.516"></status>
</kw>
<status status="PASS" starttime="20210316 14:13:17.453" endtime="20210316 14:13:22.516"></status>
</kw>
<kw name="Choice Job">
<arguments>
<arg>QA</arg>
</arguments>
<kw name="Click Element" library="AppiumLibrary">
<doc>Click element identified by `locator`.</doc>
<arguments>
<arg>${SPINNER}</arg>
</arguments>
<msg timestamp="20210316 14:13:22.519" level="INFO">Clicking element 'id=io.qaninja.android.twp:id/spinnerJob'.</msg>
<status status="PASS" starttime="20210316 14:13:22.517" endtime="20210316 14:13:22.597"></status>
</kw>
<kw name="Wait Until Element Is Visible" library="AppiumLibrary">
<doc>Waits until element specified with `locator` is visible.</doc>
<arguments>
<arg>${LIST_OPTIONS}</arg>
</arguments>
<status status="PASS" starttime="20210316 14:13:22.597" endtime="20210316 14:13:23.655"></status>
</kw>
<kw name="Click Text" library="AppiumLibrary">
<doc>Click text identified by ``text``.</doc>
<arguments>
<arg>${target}</arg>
</arguments>
<status status="PASS" starttime="20210316 14:13:23.655" endtime="20210316 14:13:24.405"></status>
</kw>
<status status="PASS" starttime="20210316 14:13:22.517" endtime="20210316 14:13:24.405"></status>
</kw>
<kw name="Close Session" library="base" type="teardown">
<kw name="Capture Page Screenshot" library="AppiumLibrary">
<doc>Takes a screenshot of the current page and embeds it into the log.</doc>
<msg timestamp="20210316 14:13:27.024" level="INFO" html="yes">&lt;/td&gt;&lt;/tr&gt;&lt;tr&gt;&lt;td colspan="3"&gt;&lt;a href="appium-screenshot-12.png"&gt;&lt;img src="appium-screenshot-12.png" width="800px"&gt;&lt;/a&gt;</msg>
<status status="PASS" starttime="20210316 14:13:24.406" endtime="20210316 14:13:27.024"></status>
</kw>
<kw name="Close Application" library="AppiumLibrary">
<doc>Closes the current application and also close webdriver session.</doc>
<status status="PASS" starttime="20210316 14:13:27.024" endtime="20210316 14:13:27.900"></status>
</kw>
<status status="PASS" starttime="20210316 14:13:24.406" endtime="20210316 14:13:27.900"></status>
</kw>
<status status="PASS" starttime="20210316 14:12:54.760" endtime="20210316 14:13:27.900" critical="yes"></status>
</test>
<test id="s1-s8-t2" name="Deve selecionar o perfil DevOps">
<kw name="Open Session" library="base" type="setup">
<kw name="Set Appium Timeout" library="AppiumLibrary">
<doc>Sets the timeout in seconds used by various keywords.</doc>
<arguments>
<arg>5</arg>
</arguments>
<status status="PASS" starttime="20210316 14:13:27.902" endtime="20210316 14:13:27.903"></status>
</kw>
<kw name="Open Application" library="AppiumLibrary">
<doc>Opens a new application to given Appium server.
Capabilities of appium server, Android and iOS,
Please check https://github.com/appium/appium/blob/master/docs/en/writing-running-appium/server-args.md
| *Option*            | *Man.* | *Description*     |
| remote_url          | Yes    | Appium server url |
| alias               | no     | alias             |</doc>
<arguments>
<arg>http://localhost:4723/wd/hub</arg>
<arg>automationName=UiAutomator2</arg>
<arg>platformName=Android</arg>
<arg>deviceName=Android Emulator</arg>
<arg>app=${EXECDIR}/app/twp.apk</arg>
</arguments>
<status status="PASS" starttime="20210316 14:13:27.903" endtime="20210316 14:13:47.396"></status>
</kw>
<kw name="Get Started" library="helpers">
<kw name="Wait Until Page Contains" library="AppiumLibrary">
<doc>Waits until `text` appears on current page.</doc>
<arguments>
<arg>${START}</arg>
</arguments>
<status status="PASS" starttime="20210316 14:13:47.397" endtime="20210316 14:13:51.187"></status>
</kw>
<kw name="Click Text" library="AppiumLibrary">
<doc>Click text identified by ``text``.</doc>
<arguments>
<arg>${START}</arg>
</arguments>
<status status="PASS" starttime="20210316 14:13:51.187" endtime="20210316 14:13:51.481"></status>
</kw>
<status status="PASS" starttime="20210316 14:13:47.396" endtime="20210316 14:13:51.481"></status>
</kw>
<status status="PASS" starttime="20210316 14:13:27.902" endtime="20210316 14:13:51.481"></status>
</kw>
<kw name="Go To SingUp Form" library="helpers">
<kw name="Open Nav" library="helpers">
<kw name="Wait Until Element Is Visible" library="AppiumLibrary">
<doc>Waits until element specified with `locator` is visible.</doc>
<arguments>
<arg>${HAMBURGER}</arg>
</arguments>
<status status="PASS" starttime="20210316 14:13:51.483" endtime="20210316 14:13:52.847"></status>
</kw>
<kw name="Click Element" library="AppiumLibrary">
<doc>Click element identified by `locator`.</doc>
<arguments>
<arg>${HAMBURGER}</arg>
</arguments>
<msg timestamp="20210316 14:13:52.849" level="INFO">Clicking element 'xpath= //android.widget.ImageButton[@content-desc="Open navigation drawer"]'.</msg>
<status status="PASS" starttime="20210316 14:13:52.847" endtime="20210316 14:13:53.043"></status>
</kw>
<kw name="Wait Until Element Is Visible" library="AppiumLibrary">
<doc>Waits until element specified with `locator` is visible.</doc>
<arguments>
<arg>${NAV_VIEW}</arg>
</arguments>
<status status="PASS" starttime="20210316 14:13:53.043" endtime="20210316 14:13:54.125"></status>
</kw>
<status status="PASS" starttime="20210316 14:13:51.483" endtime="20210316 14:13:54.125"></status>
</kw>
<kw name="Click Text" library="AppiumLibrary">
<doc>Click text identified by ``text``.</doc>
<arguments>
<arg>FORMS</arg>
</arguments>
<status status="PASS" starttime="20210316 14:13:54.125" endtime="20210316 14:13:54.323"></status>
</kw>
<kw name="Wait Until Page Contains" library="AppiumLibrary">
<doc>Waits until `text` appears on current page.</doc>
<arguments>
<arg>FORMS</arg>
</arguments>
<status status="PASS" starttime="20210316 14:13:54.324" endtime="20210316 14:13:55.010"></status>
</kw>
<kw name="Click Text" library="AppiumLibrary">
<doc>Click text identified by ``text``.</doc>
<arguments>
<arg>CADASTRO</arg>
</arguments>
<status status="PASS" starttime="20210316 14:13:55.011" endtime="20210316 14:13:55.496"></status>
</kw>
<kw name="Wait Until Page Contains" library="AppiumLibrary">
<doc>Waits until `text` appears on current page.</doc>
<arguments>
<arg>Bem-vindo, crie sua conta.</arg>
</arguments>
<status status="PASS" starttime="20210316 14:13:55.497" endtime="20210316 14:13:56.852"></status>
</kw>
<status status="PASS" starttime="20210316 14:13:51.482" endtime="20210316 14:13:56.853"></status>
</kw>
<kw name="Choice Job">
<arguments>
<arg>DevOps</arg>
</arguments>
<kw name="Click Element" library="AppiumLibrary">
<doc>Click element identified by `locator`.</doc>
<arguments>
<arg>${SPINNER}</arg>
</arguments>
<msg timestamp="20210316 14:13:56.855" level="INFO">Clicking element 'id=io.qaninja.android.twp:id/spinnerJob'.</msg>
<status status="PASS" starttime="20210316 14:13:56.853" endtime="20210316 14:13:56.928"></status>
</kw>
<kw name="Wait Until Element Is Visible" library="AppiumLibrary">
<doc>Waits until element specified with `locator` is visible.</doc>
<arguments>
<arg>${LIST_OPTIONS}</arg>
</arguments>
<status status="PASS" starttime="20210316 14:13:56.929" endtime="20210316 14:13:57.992"></status>
</kw>
<kw name="Click Text" library="AppiumLibrary">
<doc>Click text identified by ``text``.</doc>
<arguments>
<arg>${target}</arg>
</arguments>
<status status="PASS" starttime="20210316 14:13:57.992" endtime="20210316 14:13:58.755"></status>
</kw>
<status status="PASS" starttime="20210316 14:13:56.853" endtime="20210316 14:13:58.756"></status>
</kw>
<kw name="Close Session" library="base" type="teardown">
<kw name="Capture Page Screenshot" library="AppiumLibrary">
<doc>Takes a screenshot of the current page and embeds it into the log.</doc>
<msg timestamp="20210316 14:14:01.514" level="INFO" html="yes">&lt;/td&gt;&lt;/tr&gt;&lt;tr&gt;&lt;td colspan="3"&gt;&lt;a href="appium-screenshot-13.png"&gt;&lt;img src="appium-screenshot-13.png" width="800px"&gt;&lt;/a&gt;</msg>
<status status="PASS" starttime="20210316 14:13:58.757" endtime="20210316 14:14:01.514"></status>
</kw>
<kw name="Close Application" library="AppiumLibrary">
<doc>Closes the current application and also close webdriver session.</doc>
<status status="PASS" starttime="20210316 14:14:01.515" endtime="20210316 14:14:02.596"></status>
</kw>
<status status="PASS" starttime="20210316 14:13:58.757" endtime="20210316 14:14:02.596"></status>
</kw>
<status status="PASS" starttime="20210316 14:13:27.901" endtime="20210316 14:14:02.598" critical="yes"></status>
</test>
<status status="PASS" starttime="20210316 14:12:54.750" endtime="20210316 14:14:02.601"></status>
</suite>
<suite id="s1-s9" name="Swipe" source="C:\ProjetoAppium\twp\testes\swipe.robot">
<test id="s1-s9-t1" name="Deve remover o Capitão América">
<kw name="Open Session" library="base" type="setup">
<kw name="Set Appium Timeout" library="AppiumLibrary">
<doc>Sets the timeout in seconds used by various keywords.</doc>
<arguments>
<arg>5</arg>
</arguments>
<status status="PASS" starttime="20210316 14:14:02.620" endtime="20210316 14:14:02.621"></status>
</kw>
<kw name="Open Application" library="AppiumLibrary">
<doc>Opens a new application to given Appium server.
Capabilities of appium server, Android and iOS,
Please check https://github.com/appium/appium/blob/master/docs/en/writing-running-appium/server-args.md
| *Option*            | *Man.* | *Description*     |
| remote_url          | Yes    | Appium server url |
| alias               | no     | alias             |</doc>
<arguments>
<arg>http://localhost:4723/wd/hub</arg>
<arg>automationName=UiAutomator2</arg>
<arg>platformName=Android</arg>
<arg>deviceName=Android Emulator</arg>
<arg>app=${EXECDIR}/app/twp.apk</arg>
</arguments>
<status status="PASS" starttime="20210316 14:14:02.621" endtime="20210316 14:14:20.852"></status>
</kw>
<kw name="Get Started" library="helpers">
<kw name="Wait Until Page Contains" library="AppiumLibrary">
<doc>Waits until `text` appears on current page.</doc>
<arguments>
<arg>${START}</arg>
</arguments>
<status status="PASS" starttime="20210316 14:14:20.853" endtime="20210316 14:14:24.690"></status>
</kw>
<kw name="Click Text" library="AppiumLibrary">
<doc>Click text identified by ``text``.</doc>
<arguments>
<arg>${START}</arg>
</arguments>
<status status="PASS" starttime="20210316 14:14:24.690" endtime="20210316 14:14:25.093"></status>
</kw>
<status status="PASS" starttime="20210316 14:14:20.852" endtime="20210316 14:14:25.094"></status>
</kw>
<status status="PASS" starttime="20210316 14:14:02.619" endtime="20210316 14:14:25.094"></status>
</kw>
<kw name="Go To Avenger List" library="helpers">
<kw name="Open Nav" library="helpers">
<kw name="Wait Until Element Is Visible" library="AppiumLibrary">
<doc>Waits until element specified with `locator` is visible.</doc>
<arguments>
<arg>${HAMBURGER}</arg>
</arguments>
<status status="PASS" starttime="20210316 14:14:25.096" endtime="20210316 14:14:26.365"></status>
</kw>
<kw name="Click Element" library="AppiumLibrary">
<doc>Click element identified by `locator`.</doc>
<arguments>
<arg>${HAMBURGER}</arg>
</arguments>
<msg timestamp="20210316 14:14:26.366" level="INFO">Clicking element 'xpath= //android.widget.ImageButton[@content-desc="Open navigation drawer"]'.</msg>
<status status="PASS" starttime="20210316 14:14:26.365" endtime="20210316 14:14:26.501"></status>
</kw>
<kw name="Wait Until Element Is Visible" library="AppiumLibrary">
<doc>Waits until element specified with `locator` is visible.</doc>
<arguments>
<arg>${NAV_VIEW}</arg>
</arguments>
<status status="PASS" starttime="20210316 14:14:26.501" endtime="20210316 14:14:27.591"></status>
</kw>
<status status="PASS" starttime="20210316 14:14:25.095" endtime="20210316 14:14:27.591"></status>
</kw>
<kw name="Click Text" library="AppiumLibrary">
<doc>Click text identified by ``text``.</doc>
<arguments>
<arg>AVENGERS</arg>
</arguments>
<status status="PASS" starttime="20210316 14:14:27.592" endtime="20210316 14:14:27.804"></status>
</kw>
<kw name="Wait Until Page Contains" library="AppiumLibrary">
<doc>Waits until `text` appears on current page.</doc>
<arguments>
<arg>AVENGERS</arg>
</arguments>
<status status="PASS" starttime="20210316 14:14:27.805" endtime="20210316 14:14:28.457"></status>
</kw>
<kw name="Click Text" library="AppiumLibrary">
<doc>Click text identified by ``text``.</doc>
<arguments>
<arg>LISTA</arg>
</arguments>
<status status="PASS" starttime="20210316 14:14:28.458" endtime="20210316 14:14:28.928"></status>
</kw>
<kw name="Wait Until Page Contains" library="AppiumLibrary">
<doc>Waits until `text` appears on current page.</doc>
<arguments>
<arg>LISTA</arg>
</arguments>
<status status="PASS" starttime="20210316 14:14:28.928" endtime="20210316 14:14:29.686"></status>
</kw>
<status status="PASS" starttime="20210316 14:14:25.095" endtime="20210316 14:14:29.686"></status>
</kw>
<kw name="Swipe By Percent" library="AppiumLibrary">
<doc>Swipe from one percent of the screen to another percent, for an optional duration.
Normal swipe fails to scale for different screen resolutions, this can be avoided using percent.</doc>
<arguments>
<arg>24.531</arg>
<arg>50</arg>
<arg>24.531</arg>
<arg>20.052</arg>
</arguments>
<status status="PASS" starttime="20210316 14:14:29.687" endtime="20210316 14:14:31.898"></status>
</kw>
<kw name="Wait Until Element Is Visible" library="AppiumLibrary">
<doc>Waits until element specified with `locator` is visible.</doc>
<arguments>
<arg>${BTN_REMOVE}</arg>
</arguments>
<msg timestamp="20210316 14:14:37.775" level="INFO">&lt;?xml version='1.0' encoding='UTF-8' standalone='yes' ?&gt;
&lt;hierarchy index="0" class="hierarchy" rotation="0" width="1080" height="1776"&gt;
  &lt;android.widget.FrameLayout index="0" package="io.qaninja.android.twp" class="android.widget.FrameLayout" text="" checkable="false" checked="false" clickable="false" enabled="true" focusable="false" focused="false" long-clickable="false" password="false" scrollable="false" selected="false" bounds="[0,0][1080,1776]" displayed="true"&gt;
    &lt;android.widget.LinearLayout index="0" package="io.qaninja.android.twp" class="android.widget.LinearLayout" text="" checkable="false" checked="false" clickable="false" enabled="true" focusable="false" focused="false" long-clickable="false" password="false" scrollable="false" selected="false" bounds="[0,0][1080,1776]" displayed="true"&gt;
      &lt;android.widget.FrameLayout index="0" package="io.qaninja.android.twp" class="android.widget.FrameLayout" text="" checkable="false" checked="false" clickable="false" enabled="true" focusable="false" focused="false" long-clickable="false" password="false" scrollable="false" selected="false" bounds="[0,0][1080,1776]" displayed="true"&gt;
        &lt;android.widget.LinearLayout index="0" package="io.qaninja.android.twp" class="android.widget.LinearLayout" text="" resource-id="io.qaninja.android.twp:id/action_bar_root" checkable="false" checked="false" clickable="false" enabled="true" focusable="false" focused="false" long-clickable="false" password="false" scrollable="false" selected="false" bounds="[0,0][1080,1776]" displayed="true"&gt;
          &lt;android.widget.FrameLayout index="0" package="io.qaninja.android.twp" class="android.widget.FrameLayout" text="" resource-id="android:id/content" checkable="false" checked="false" clickable="false" enabled="true" focusable="false" focused="false" long-clickable="false" password="false" scrollable="false" selected="false" bounds="[0,0][1080,1776]" displayed="true"&gt;
            &lt;android.view.ViewGroup index="0" package="io.qaninja.android.twp" class="android.view.ViewGroup" text="" checkable="false" checked="false" clickable="false" enabled="true" focusable="false" focused="false" long-clickable="false" password="false" scrollable="false" selected="false" bounds="[0,0][1080,1776]" displayed="true"&gt;
              &lt;android.widget.LinearLayout index="0" package="io.qaninja.android.twp" class="android.widget.LinearLayout" text="" checkable="false" checked="false" clickable="false" enabled="true" focusable="false" focused="false" long-clickable="false" password="false" scrollable="false" selected="false" bounds="[0,72][1080,240]" displayed="true"&gt;
                &lt;android.view.ViewGroup index="0" package="io.qaninja.android.twp" class="android.view.ViewGroup" text="" resource-id="io.qaninja.android.twp:id/toolbar" checkable="false" checked="false" clickable="false" enabled="true" focusable="false" focused="false" long-clickable="false" password="false" scrollable="false" selected="false" bounds="[0,72][1080,240]" displayed="true"&gt;
                  &lt;android.widget.RelativeLayout index="0" package="io.qaninja.android.twp" class="android.widget.RelativeLayout" text="" checkable="false" checked="false" clickable="false" enabled="true" focusable="false" focused="false" long-clickable="false" password="false" scrollable="false" selected="false" bounds="[48,72][1080,240]" displayed="true"&gt;
                    &lt;android.widget.ImageView index="0" package="io.qaninja.android.twp" class="android.widget.ImageView" text="" resource-id="io.qaninja.android.twp:id/ivBack" checkable="false" checked="false" clickable="true" enabled="true" focusable="true" focused="false" long-clickable="false" password="false" scrollable="false" selected="false" bounds="[48,84][156,228]" displayed="true" /&gt;
                    &lt;android.widget.TextView index="1" package="io.qaninja.android.twp" class="android.widget.TextView" text="LISTA" resource-id="io.qaninja.android.twp:id/toolbarTitle" checkable="false" checked="false" clickable="false" enabled="true" focusable="false" focused="false" long-clickable="false" password="false" scrollable="false" selected="false" bounds="[156,131][861,180]" displayed="true" /&gt;
                    &lt;android.widget.Button index="2" package="io.qaninja.android.twp" class="android.widget.Button" text="QA NINJA" resource-id="io.qaninja.android.twp:id/btnBuyNowToolbar" checkable="false" checked="false" clickable="true" enabled="true" focusable="true" focused="false" long-clickable="false" password="false" scrollable="false" selected="false" bounds="[861,109][1056,202]" displayed="true" /&gt;
                  &lt;/android.widget.RelativeLayout&gt;
                &lt;/android.view.ViewGroup&gt;
              &lt;/android.widget.LinearLayout&gt;
              &lt;android.widget.FrameLayout index="1" package="io.qaninja.android.twp" class="android.widget.FrameLayout" text="" resource-id="io.qaninja.android.twp:id/fragment" checkable="false" checked="false" clickable="false" enabled="true" focusable="false" focused="false" long-clickable="false" password="false" scrollable="false" selected="false" bounds="[0,240][1080,1776]" displayed="true"&gt;
                &lt;android.view.ViewGroup index="0" package="io.qaninja.android.twp" class="android.view.ViewGroup" text="" resource-id="io.qaninja.android.twp:id/coordinatorParent" checkable="false" checked="false" clickable="false" enabled="true" focusable="false" focused="false" long-clickable="false" password="false" scrollable="false" selected="false" bounds="[0,240][1080,1776]" displayed="true"&gt;
                  &lt;androidx.recyclerview.widget.RecyclerView index="0" package="io.qaninja.android.twp" class="androidx.recyclerview.widget.RecyclerView" text="" resource-id="io.qaninja.android.twp:id/rvList" checkable="false" checked="false" clickable="false" enabled="true" focusable="true" focused="false" long-clickable="false" password="false" scrollable="true" selected="false" bounds="[0,240][1080,1776]" displayed="true"&gt;
                    &lt;android.widget.FrameLayout index="0" package="io.qaninja.android.twp" class="android.widget.FrameLayout" text="" checkable="false" checked="false" clickable="true" enabled="true" focusable="true" focused="false" long-clickable="false" password="false" scrollable="false" selected="false" bounds="[0,240][1080,480]" displayed="true"&gt;
                      &lt;android.widget.FrameLayout index="0" package="io.qaninja.android.twp" class="android.widget.FrameLayout" text="" resource-id="io.qaninja.android.twp:id/container" checkable="false" checked="false" clickable="true" enabled="true" focusable="true" focused="false" long-clickable="false" password="false" scrollable="false" selected="false" bounds="[0,240][1080,480]" displayed="true"&gt;
                        &lt;android.widget.RelativeLayout index="0" package="io.qaninja.android.twp" class="android.widget.RelativeLayout" text="" resource-id="io.qaninja.android.twp:id/drag_handle" checkable="false" checked="false" clickable="true" enabled="true" focusable="true" focused="false" long-clickable="false" password="false" scrollable="false" selected="false" bounds="[0,240][162,480]" displayed="true" /&gt;
                        &lt;android.view.ViewGroup index="1" package="io.qaninja.android.twp" class="android.view.ViewGroup" text="" checkable="false" checked="false" clickable="false" enabled="true" focusable="false" focused="false" long-clickable="false" password="false" scrollable="false" selected="false" bounds="[162,240][960,480]" displayed="true"&gt;
                          &lt;android.widget.ImageView index="0" package="io.qaninja.android.twp" class="android.widget.ImageView" text="" content-desc="Icon" resource-id="io.qaninja.android.twp:id/imageAvatar" checkable="false" checked="false" clickable="false" enabled="true" focusable="false" focused="false" long-clickable="false" password="false" scrollable="false" selected="false" bounds="[234,240][426,426]" displayed="true" /&gt;
[...]
                          &lt;android.widget.ImageView index="0" package="io.qaninja.android.twp" class="android.widget.ImageView" text="" content-desc="Icon" resource-id="io.qaninja.android.twp:id/imageAvatar" checkable="false" checked="false" clickable="false" enabled="true" focusable="false" focused="false" long-clickable="false" password="false" scrollable="false" selected="false" bounds="[234,558][426,750]" displayed="true" /&gt;
                          &lt;android.widget.LinearLayout index="1" package="io.qaninja.android.twp" class="android.widget.LinearLayout" text="" checkable="false" checked="false" clickable="false" enabled="true" focusable="false" focused="false" long-clickable="false" password="false" scrollable="false" selected="false" bounds="[498,504][596,804]" displayed="true"&gt;
                            &lt;android.widget.TextView index="0" package="io.qaninja.android.twp" class="android.widget.TextView" text="Thor" resource-id="io.qaninja.android.twp:id/txtName" checkable="false" checked="false" clickable="false" enabled="true" focusable="false" focused="false" long-clickable="false" password="false" scrollable="false" selected="false" bounds="[498,585][596,650]" displayed="true" /&gt;
                            &lt;android.widget.TextView index="1" package="io.qaninja.android.twp" class="android.widget.TextView" text="@thor" resource-id="io.qaninja.android.twp:id/textAbout" checkable="false" checked="false" clickable="false" enabled="true" focusable="false" focused="false" long-clickable="false" password="false" scrollable="false" selected="false" bounds="[498,674][596,723]" displayed="true" /&gt;
                          &lt;/android.widget.LinearLayout&gt;
                        &lt;/android.view.ViewGroup&gt;
                        &lt;android.widget.FrameLayout index="2" package="io.qaninja.android.twp" class="android.widget.FrameLayout" text="" resource-id="io.qaninja.android.twp:id/indicator" checkable="false" checked="false" clickable="false" enabled="true" focusable="false" focused="false" long-clickable="false" password="false" scrollable="false" selected="false" bounds="[960,618][1032,690]" displayed="true"&gt;
                          &lt;android.widget.ImageView index="0" package="io.qaninja.android.twp" class="android.widget.ImageView" text="" resource-id="io.qaninja.android.twp:id/image_view" checkable="false" checked="false" clickable="false" enabled="true" focusable="false" focused="false" long-clickable="false" password="false" scrollable="false" selected="false" bounds="[960,618][1032,690]" displayed="true" /&gt;
                        &lt;/android.widget.FrameLayout&gt;
                      &lt;/android.widget.FrameLayout&gt;
                    &lt;/android.widget.FrameLayout&gt;
                    &lt;android.widget.FrameLayout index="2" package="io.qaninja.android.twp" class="android.widget.FrameLayout" text="" checkable="false" checked="false" clickable="true" enabled="true" focusable="true" focused="false" long-clickable="false" password="false" scrollable="false" selected="false" bounds="[0,828][1080,1128]" displayed="true"&gt;
                      &lt;android.widget.FrameLayout index="0" package="io.qaninja.android.twp" class="android.widget.FrameLayout" text="" resource-id="io.qaninja.android.twp:id/container" checkable="false" checked="false" clickable="true" enabled="true" focusable="true" focused="false" long-clickable="false" password="false" scrollable="false" selected="false" bounds="[0,828][1080,1128]" displayed="true"&gt;
                        &lt;android.widget.RelativeLayout index="0" package="io.qaninja.android.twp" class="android.widget.RelativeLayout" text="" resource-id="io.qaninja.android.twp:id/drag_handle" checkable="false" checked="false" clickable="true" enabled="true" focusable="true" focused="false" long-clickable="false" password="false" scrollable="false" selected="false" bounds="[0,828][162,1128]" displayed="true" /&gt;
                        &lt;android.view.ViewGroup index="1" package="io.qaninja.android.twp" class="android.view.ViewGroup" text="" checkable="false" checked="false" clickable="false" enabled="true" focusable="false" focused="false" long-clickable="false" password="false" scrollable="false" selected="false" bounds="[162,828][960,1128]" displayed="true"&gt;
                          &lt;android.widget.ImageView index="0" package="io.qaninja.android.twp" class="android.widget.ImageView" text="" content-desc="Icon" resource-id="io.qaninja.android.twp:id/imageAvatar" checkable="false" checked="false" clickable="false" enabled="true" focusable="false" focused="false" long-clickable="false" password="false" scrollable="false" selected="false" bounds="[234,882][426,1074]" displayed="true" /&gt;
                          &lt;android.widget.LinearLayout index="1" package="io.qaninja.android.twp" class="android.widget.LinearLayout" text="" checkable="false" checked="false" clickable="false" enabled="true" focusable="false" focused="false" long-clickable="false" password="false" scrollable="false" selected="false" bounds="[498,828][857,1128]" displayed="true"&gt;
                            &lt;android.widget.TextView index="0" package="io.qaninja.android.twp" class="android.widget.TextView" text="Homem de Ferro" resource-id="io.qaninja.android.twp:id/txtName" checkable="false" checked="false" clickable="false" enabled="true" focusable="false" focused="false" long-clickable="false" password="false" scrollable="false" selected="false" bounds="[498,909][857,974]" displayed="true" /&gt;
                            &lt;android.widget.TextView index="1" package="io.qaninja.android.twp" class="android.widget.TextView" text="@stark" resource-id="io.qaninja.android.twp:id/textAbout" checkable="false" checked="false" clickable="false" enabled="true" focusable="false" focused="false" long-clickable="false" password="false" scrollable="false" selected="false" bounds="[498,998][857,1047]" displayed="true" /&gt;
                          &lt;/android.widget.LinearLayout&gt;
                        &lt;/android.view.ViewGroup&gt;
                        &lt;android.widget.FrameLayout index="2" package="io.qaninja.android.twp" class="android.widget.FrameLayout" text="" resource-id="io.qaninja.android.twp:id/indicator" checkable="false" checked="false" clickable="false" enabled="true" focusable="false" focused="false" long-clickable="false" password="false" scrollable="false" selected="false" bounds="[960,942][1032,1014]" displayed="true"&gt;
                          &lt;android.widget.ImageView index="0" package="io.qaninja.android.twp" class="android.widget.ImageView" text="" resource-id="io.qaninja.android.twp:id/image_view" checkable="false" checked="false" clickable="false" enabled="true" focusable="false" focused="false" long-clickable="false" password="false" scrollable="false" selected="false" bounds="[960,942][1032,1014]" displayed="true" /&gt;
                        &lt;/android.widget.FrameLayout&gt;
                      &lt;/android.widget.FrameLayout&gt;
                    &lt;/android.widget.FrameLayout&gt;
                    &lt;android.widget.FrameLayout index="3" package="io.qaninja.android.twp" class="android.widget.FrameLayout" text="" checkable="false" checked="false" clickable="true" enabled="true" focusable="true" focused="false" long-clickable="false" password="false" scrollable="false" selected="false" bounds="[0,1152][1080,1452]" displayed="true"&gt;
                      &lt;android.widget.FrameLayout index="0" package="io.qaninja.android.twp" class="android.widget.FrameLayout" text="" resource-id="io.qaninja.android.twp:id/container" checkable="false" checked="false" clickable="true" enabled="true" focusable="true" focused="false" long-clickable="false" password="false" scrollable="false" selected="false" bounds="[0,1152][1080,1452]" displayed="true"&gt;
                        &lt;android.widget.RelativeLayout index="0" package="io.qaninja.android.twp" class="android.widget.RelativeLayout" text="" resource-id="io.qaninja.android.twp:id/drag_handle" checkable="false" checked="false" clickable="true" enabled="true" focusable="true" focused="false" long-clickable="false" password="false" scrollable="false" selected="false" bounds="[0,1152][162,1452]" displayed="true" /&gt;
                        &lt;android.view.ViewGroup index="1" package="io.qaninja.android.twp" class="android.view.ViewGroup" text="" checkable="false" checked="false" clickable="false" enabled="true" focusable="false" focused="false" long-clickable="false" password="false" scrollable="false" selected="false" bounds="[162,1152][960,1452]" displayed="true"&gt;
                          &lt;android.widget.ImageView index="0" package="io.qaninja.android.twp" class="android.widget.ImageView" text="" content-desc="Icon" resource-id="io.qaninja.android.twp:id/imageAvatar" checkable="false" checked="false" clickable="false" enabled="true" focusable="false" focused="false" long-clickable="false" password="false" scrollable="false" selected="false" bounds="[234,1206][426,1398]" displayed="true" /&gt;
                          &lt;android.widget.LinearLayout index="1" package="io.qaninja.android.twp" class="android.widget.LinearLayout" text="" checkable="false" checked="false" clickable="false" enabled="true" focusable="false" focused="false" long-clickable="false" password="false" scrollable="false" selected="false" bounds="[498,1152][731,1452]" displayed="true"&gt;
                            &lt;android.widget.TextView index="0" package="io.qaninja.android.twp" class="android.widget.TextView" text="Hulk" resource-id="io.qaninja.android.twp:id/txtName" checkable="false" checked="false" clickable="false" enabled="true" focusable="false" focused="false" long-clickable="false" password="false" scrollable="false" selected="false" bounds="[498,1233][731,1298]" displayed="true" /&gt;
                            &lt;android.widget.TextView index="1" package="io.qaninja.android.twp" class="android.widget.TextView" text="@brucebanner" resource-id="io.qaninja.android.twp:id/textAbout" checkable="false" checked="false" clickable="false" enabled="true" focusable="false" focused="false" long-clickable="false" password="false" scrollable="false" selected="false" bounds="[498,1322][731,1371]" displayed="true" /&gt;
                          &lt;/android.widget.LinearLayout&gt;
                        &lt;/android.view.ViewGroup&gt;
                        &lt;android.widget.FrameLayout index="2" package="io.qaninja.android.twp" class="android.widget.FrameLayout" text="" resource-id="io.qaninja.android.twp:id/indicator" checkable="false" checked="false" clickable="false" enabled="true" focusable="false" focused="false" long-clickable="false" password="false" scrollable="false" selected="false" bounds="[960,1266][1032,1338]" displayed="true"&gt;
                          &lt;android.widget.ImageView index="0" package="io.qaninja.android.twp" class="android.widget.ImageView" text="" resource-id="io.qaninja.android.twp:id/image_view" checkable="false" checked="false" clickable="false" enabled="true" focusable="false" focused="false" long-clickable="false" password="false" scrollable="false" selected="false" bounds="[960,1266][1032,1338]" displayed="true" /&gt;
                        &lt;/android.widget.FrameLayout&gt;
                      &lt;/android.widget.FrameLayout&gt;
                    &lt;/android.widget.FrameLayout&gt;
                    &lt;android.widget.FrameLayout index="4" package="io.qaninja.android.twp" class="android.widget.FrameLayout" text="" checkable="false" checked="false" clickable="true" enabled="true" focusable="true" focused="false" long-clickable="false" password="false" scrollable="false" selected="false" bounds="[0,1476][1080,1776]" displayed="true"&gt;
                      &lt;android.widget.FrameLayout index="0" package="io.qaninja.android.twp" class="android.widget.FrameLayout" text="" resource-id="io.qaninja.android.twp:id/container" checkable="false" checked="false" clickable="true" enabled="true" focusable="true" focused="false" long-clickable="false" password="false" scrollable="false" selected="false" bounds="[0,1476][1080,1776]" displayed="true"&gt;
                        &lt;android.widget.RelativeLayout index="0" package="io.qaninja.android.twp" class="android.widget.RelativeLayout" text="" resource-id="io.qaninja.android.twp:id/drag_handle" checkable="false" checked="false" clickable="true" enabled="true" focusable="true" focused="false" long-clickable="false" password="false" scrollable="false" selected="false" bounds="[0,1476][162,1776]" displayed="true" /&gt;
                        &lt;android.view.ViewGroup index="1" package="io.qaninja.android.twp" class="android.view.ViewGroup" text="" checkable="false" checked="false" clickable="false" enabled="true" focusable="false" focused="false" long-clickable="false" password="false" scrollable="false" selected="false" bounds="[162,1476][960,1776]" displayed="true"&gt;
                          &lt;android.widget.ImageView index="0" package="io.qaninja.android.twp" class="android.widget.ImageView" text="" content-desc="Icon" resource-id="io.qaninja.android.twp:id/imageAvatar" checkable="false" checked="false" clickable="false" enabled="true" focusable="false" focused="false" long-clickable="false" password="false" scrollable="false" selected="false" bounds="[234,1530][426,1722]" displayed="true" /&gt;
                          &lt;android.widget.LinearLayout index="1" package="io.qaninja.android.twp" class="android.widget.LinearLayout" text="" checkable="false" checked="false" clickable="false" enabled="true" focusable="false" focused="false" long-clickable="false" password="false" scrollable="false" selected="false" bounds="[498,1476][831,1776]" displayed="true"&gt;
                            &lt;android.widget.TextView index="0" package="io.qaninja.android.twp" class="android.widget.TextView" text="Homem Aranha" resource-id="io.qaninja.android.twp:id/txtName" checkable="false" checked="false" clickable="false" enabled="true" focusable="false" focused="false" long-clickable="false" password="false" scrollable="false" selected="false" bounds="[498,1557][831,1622]" displayed="true" /&gt;
                            &lt;android.widget.TextView index="1" package="io.qaninja.android.twp" class="android.widget.TextView" text="@spiderman" resource-id="io.qaninja.android.twp:id/textAbout" checkable="false" checked="false" clickable="false" enabled="true" focusable="false" focused="false" long-clickable="false" password="false" scrollable="false" selected="false" bounds="[498,1646][831,1695]" displayed="true" /&gt;
                          &lt;/android.widget.LinearLayout&gt;
                        &lt;/android.view.ViewGroup&gt;
                        &lt;android.widget.FrameLayout index="2" package="io.qaninja.android.twp" class="android.widget.FrameLayout" text="" resource-id="io.qaninja.android.twp:id/indicator" checkable="false" checked="false" clickable="false" enabled="true" focusable="false" focused="false" long-clickable="false" password="false" scrollable="false" selected="false" bounds="[960,1590][1032,1662]" displayed="true"&gt;
                          &lt;android.widget.ImageView index="0" package="io.qaninja.android.twp" class="android.widget.ImageView" text="" resource-id="io.qaninja.android.twp:id/image_view" checkable="false" checked="false" clickable="false" enabled="true" focusable="false" focused="false" long-clickable="false" password="false" scrollable="false" selected="false" bounds="[960,1590][1032,1662]" displayed="true" /&gt;
                        &lt;/android.widget.FrameLayout&gt;
                      &lt;/android.widget.FrameLayout&gt;
                    &lt;/android.widget.FrameLayout&gt;
                  &lt;/androidx.recyclerview.widget.RecyclerView&gt;
                  &lt;android.widget.ImageButton index="1" package="io.qaninja.android.twp" class="android.widget.ImageButton" text="" resource-id="io.qaninja.android.twp:id/fab" checkable="false" checked="false" clickable="true" enabled="true" focusable="true" focused="false" long-clickable="false" password="false" scrollable="false" selected="false" bounds="[840,1536][1008,1704]" displayed="true" /&gt;
                &lt;/android.view.ViewGroup&gt;
              &lt;/android.widget.FrameLayout&gt;
            &lt;/android.view.ViewGroup&gt;
          &lt;/android.widget.FrameLayout&gt;
        &lt;/android.widget.LinearLayout&gt;
      &lt;/android.widget.FrameLayout&gt;
    &lt;/android.widget.LinearLayout&gt;
  &lt;/android.widget.FrameLayout&gt;
&lt;/hierarchy&gt;</msg>
<kw name="Capture Page Screenshot" library="AppiumLibrary">
<doc>Takes a screenshot of the current page and embeds it into the log.</doc>
<msg timestamp="20210316 14:14:38.945" level="INFO" html="yes">&lt;/td&gt;&lt;/tr&gt;&lt;tr&gt;&lt;td colspan="3"&gt;&lt;a href="appium-screenshot-14.png"&gt;&lt;img src="appium-screenshot-14.png" width="800px"&gt;&lt;/a&gt;</msg>
<status status="PASS" starttime="20210316 14:14:37.776" endtime="20210316 14:14:38.946"></status>
</kw>
<msg timestamp="20210316 14:14:38.947" level="FAIL">Element locator 'id=io.qaninja.android.twp:id/btnRemove' did not match any elements after 5 seconds</msg>
<status status="FAIL" starttime="20210316 14:14:31.899" endtime="20210316 14:14:38.947"></status>
</kw>
<kw name="Close Session" library="base" type="teardown">
<kw name="Capture Page Screenshot" library="AppiumLibrary">
<doc>Takes a screenshot of the current page and embeds it into the log.</doc>
<msg timestamp="20210316 14:14:40.036" level="INFO" html="yes">&lt;/td&gt;&lt;/tr&gt;&lt;tr&gt;&lt;td colspan="3"&gt;&lt;a href="appium-screenshot-15.png"&gt;&lt;img src="appium-screenshot-15.png" width="800px"&gt;&lt;/a&gt;</msg>
<status status="PASS" starttime="20210316 14:14:38.948" endtime="20210316 14:14:40.036"></status>
</kw>
<kw name="Close Application" library="AppiumLibrary">
<doc>Closes the current application and also close webdriver session.</doc>
<status status="PASS" starttime="20210316 14:14:40.036" endtime="20210316 14:14:40.979"></status>
</kw>
<status status="PASS" starttime="20210316 14:14:38.948" endtime="20210316 14:14:40.979"></status>
</kw>
<status status="FAIL" starttime="20210316 14:14:02.618" endtime="20210316 14:14:40.980" critical="yes">Element locator 'id=io.qaninja.android.twp:id/btnRemove' did not match any elements after 5 seconds</status>
</test>
<status status="FAIL" starttime="20210316 14:14:02.606" endtime="20210316 14:14:40.982"></status>
</suite>
<status status="FAIL" starttime="20210316 14:07:48.140" endtime="20210316 14:14:40.987"></status>
</suite>
<statistics>
<total>
<stat pass="10" fail="3">Critical Tests</stat>
<stat pass="10" fail="3">All Tests</stat>
</total>
<tag>
<stat pass="0" fail="1">long</stat>
<stat pass="0" fail="1">short</stat>
</tag>
<suite>
<stat pass="10" fail="3" id="s1" name="Testes">Testes</stat>
<stat pass="0" fail="2" id="s1-s1" name="Buttons">Testes.Buttons</stat>
<stat pass="1" fail="0" id="s1-s2" name="Checkbox">Testes.Checkbox</stat>
<stat pass="1" fail="0" id="s1-s3" name="Drag-And-Drop">Testes.Drag-And-Drop</stat>
<stat pass="1" fail="0" id="s1-s4" name="Home">Testes.Home</stat>
<stat pass="1" fail="0" id="s1-s5" name="Login">Testes.Login</stat>
<stat pass="3" fail="0" id="s1-s6" name="Nav">Testes.Nav</stat>
<stat pass="1" fail="0" id="s1-s7" name="Radio">Testes.Radio</stat>
<stat pass="2" fail="0" id="s1-s8" name="Spinner">Testes.Spinner</stat>
<stat pass="0" fail="1" id="s1-s9" name="Swipe">Testes.Swipe</stat>
</suite>
</statistics>
<errors>
</errors>
</robot>
